  Model.cpp
  GLM: rotate function taking degrees as a parameter is deprecated. #define GLM_FORCE_RADIANS before including GLM headers to remove this message.
  GLM: rotate_slow function taking degrees as a parameter is deprecated. #define GLM_FORCE_RADIANS before including GLM headers to remove this message.
  GLM: perspective function taking degrees as a parameter is deprecated. #define GLM_FORCE_RADIANS before including GLM headers to remove this message.
  GLM: perspectiveFov function taking degrees as a parameter is deprecated. #define GLM_FORCE_RADIANS before including GLM headers to remove this message.
  GLM: infinitePerspective function taking degrees as a parameter is deprecated. #define GLM_FORCE_RADIANS before including GLM headers to remove this message.
  GLM: tweakedInfinitePerspective function taking degrees as a parameter is deprecated. #define GLM_FORCE_RADIANS before including GLM headers to remove this message.
  GLM: rotate function taking degrees as a parameter is deprecated. #define GLM_FORCE_RADIANS before including GLM headers to remove this message.
  GLM: roll function returning degrees is deprecated. #define GLM_FORCE_RADIANS before including GLM headers to remove this message.
  GLM: pitch function returning degrees is deprecated. #define GLM_FORCE_RADIANS before including GLM headers to remove this message.
  GLM: yaw function returning degrees is deprecated. #define GLM_FORCE_RADIANS before including GLM headers to remove this message.
  GLM: angle function returning degrees is deprecated. #define GLM_FORCE_RADIANS before including GLM headers to remove this message.
  GLM: angleAxis function taking degrees as a parameter is deprecated. #define GLM_FORCE_RADIANS before including GLM headers to remove this message.
C:\Users\Romich\source\repos\OpenGL-Drawing\Model.cpp(284,22): warning C4838: conversion from 'double' to 'GLfloat' requires a narrowing conversion
C:\Users\Romich\source\repos\OpenGL-Drawing\Model.cpp(284,22): warning C4244: 'initializing': conversion from 'double' to 'GLfloat', possible loss of data
C:\Users\Romich\source\repos\OpenGL-Drawing\Model.cpp(286,22): warning C4838: conversion from 'double' to 'GLfloat' requires a narrowing conversion
C:\Users\Romich\source\repos\OpenGL-Drawing\Model.cpp(286,22): warning C4244: 'initializing': conversion from 'double' to 'GLfloat', possible loss of data
C:\Users\Romich\source\repos\OpenGL-Drawing\Model.cpp(287,22): warning C4838: conversion from 'double' to 'GLfloat' requires a narrowing conversion
C:\Users\Romich\source\repos\OpenGL-Drawing\Model.cpp(287,22): warning C4244: 'initializing': conversion from 'double' to 'GLfloat', possible loss of data
C:\Users\Romich\source\repos\OpenGL-Drawing\Model.cpp(290,21): warning C4838: conversion from 'double' to 'GLfloat' requires a narrowing conversion
C:\Users\Romich\source\repos\OpenGL-Drawing\Model.cpp(290,21): warning C4244: 'initializing': conversion from 'double' to 'GLfloat', possible loss of data
C:\Users\Romich\source\repos\OpenGL-Drawing\Model.cpp(291,21): warning C4838: conversion from 'double' to 'GLfloat' requires a narrowing conversion
C:\Users\Romich\source\repos\OpenGL-Drawing\Model.cpp(291,21): warning C4244: 'initializing': conversion from 'double' to 'GLfloat', possible loss of data
C:\Users\Romich\source\repos\OpenGL-Drawing\Model.cpp(292,22): warning C4838: conversion from 'double' to 'GLfloat' requires a narrowing conversion
C:\Users\Romich\source\repos\OpenGL-Drawing\Model.cpp(292,22): warning C4244: 'initializing': conversion from 'double' to 'GLfloat', possible loss of data
C:\Users\Romich\source\repos\OpenGL-Drawing\Model.cpp(294,22): warning C4838: conversion from 'double' to 'GLfloat' requires a narrowing conversion
C:\Users\Romich\source\repos\OpenGL-Drawing\Model.cpp(294,22): warning C4244: 'initializing': conversion from 'double' to 'GLfloat', possible loss of data
C:\Users\Romich\source\repos\OpenGL-Drawing\Model.cpp(295,22): warning C4838: conversion from 'double' to 'GLfloat' requires a narrowing conversion
C:\Users\Romich\source\repos\OpenGL-Drawing\Model.cpp(295,22): warning C4244: 'initializing': conversion from 'double' to 'GLfloat', possible loss of data
C:\Users\Romich\source\repos\OpenGL-Drawing\Model.cpp(296,21): warning C4838: conversion from 'double' to 'GLfloat' requires a narrowing conversion
C:\Users\Romich\source\repos\OpenGL-Drawing\Model.cpp(296,21): warning C4244: 'initializing': conversion from 'double' to 'GLfloat', possible loss of data
C:\Users\Romich\source\repos\OpenGL-Drawing\Model.cpp(298,21): warning C4838: conversion from 'double' to 'GLfloat' requires a narrowing conversion
C:\Users\Romich\source\repos\OpenGL-Drawing\Model.cpp(298,21): warning C4244: 'initializing': conversion from 'double' to 'GLfloat', possible loss of data
C:\Users\Romich\source\repos\OpenGL-Drawing\Model.cpp(299,21): warning C4838: conversion from 'double' to 'GLfloat' requires a narrowing conversion
C:\Users\Romich\source\repos\OpenGL-Drawing\Model.cpp(299,21): warning C4244: 'initializing': conversion from 'double' to 'GLfloat', possible loss of data
C:\Users\Romich\source\repos\OpenGL-Drawing\Model.cpp(300,21): warning C4838: conversion from 'double' to 'GLfloat' requires a narrowing conversion
C:\Users\Romich\source\repos\OpenGL-Drawing\Model.cpp(300,21): warning C4244: 'initializing': conversion from 'double' to 'GLfloat', possible loss of data
C:\Users\Romich\source\repos\OpenGL-Drawing\Model.cpp(302,21): warning C4838: conversion from 'double' to 'GLfloat' requires a narrowing conversion
C:\Users\Romich\source\repos\OpenGL-Drawing\Model.cpp(302,21): warning C4244: 'initializing': conversion from 'double' to 'GLfloat', possible loss of data
C:\Users\Romich\source\repos\OpenGL-Drawing\Model.cpp(303,21): warning C4838: conversion from 'double' to 'GLfloat' requires a narrowing conversion
C:\Users\Romich\source\repos\OpenGL-Drawing\Model.cpp(303,21): warning C4244: 'initializing': conversion from 'double' to 'GLfloat', possible loss of data
C:\Users\Romich\source\repos\OpenGL-Drawing\Model.cpp(304,21): warning C4838: conversion from 'double' to 'GLfloat' requires a narrowing conversion
C:\Users\Romich\source\repos\OpenGL-Drawing\Model.cpp(304,21): warning C4244: 'initializing': conversion from 'double' to 'GLfloat', possible loss of data
C:\Users\Romich\source\repos\OpenGL-Drawing\Model.cpp(306,21): warning C4838: conversion from 'double' to 'GLfloat' requires a narrowing conversion
C:\Users\Romich\source\repos\OpenGL-Drawing\Model.cpp(306,21): warning C4244: 'initializing': conversion from 'double' to 'GLfloat', possible loss of data
C:\Users\Romich\source\repos\OpenGL-Drawing\Model.cpp(307,21): warning C4838: conversion from 'double' to 'GLfloat' requires a narrowing conversion
C:\Users\Romich\source\repos\OpenGL-Drawing\Model.cpp(307,21): warning C4244: 'initializing': conversion from 'double' to 'GLfloat', possible loss of data
C:\Users\Romich\source\repos\OpenGL-Drawing\Model.cpp(308,22): warning C4838: conversion from 'double' to 'GLfloat' requires a narrowing conversion
C:\Users\Romich\source\repos\OpenGL-Drawing\Model.cpp(308,22): warning C4244: 'initializing': conversion from 'double' to 'GLfloat', possible loss of data
C:\Users\Romich\source\repos\OpenGL-Drawing\Model.cpp(310,22): warning C4838: conversion from 'double' to 'GLfloat' requires a narrowing conversion
C:\Users\Romich\source\repos\OpenGL-Drawing\Model.cpp(310,22): warning C4244: 'initializing': conversion from 'double' to 'GLfloat', possible loss of data
C:\Users\Romich\source\repos\OpenGL-Drawing\Model.cpp(311,22): warning C4838: conversion from 'double' to 'GLfloat' requires a narrowing conversion
C:\Users\Romich\source\repos\OpenGL-Drawing\Model.cpp(311,22): warning C4244: 'initializing': conversion from 'double' to 'GLfloat', possible loss of data
C:\Users\Romich\source\repos\OpenGL-Drawing\Model.cpp(312,21): warning C4838: conversion from 'double' to 'GLfloat' requires a narrowing conversion
C:\Users\Romich\source\repos\OpenGL-Drawing\Model.cpp(312,21): warning C4244: 'initializing': conversion from 'double' to 'GLfloat', possible loss of data
C:\Users\Romich\source\repos\OpenGL-Drawing\Model.cpp(316,22): warning C4838: conversion from 'double' to 'GLfloat' requires a narrowing conversion
C:\Users\Romich\source\repos\OpenGL-Drawing\Model.cpp(316,22): warning C4244: 'initializing': conversion from 'double' to 'GLfloat', possible loss of data
C:\Users\Romich\source\repos\OpenGL-Drawing\Model.cpp(318,22): warning C4838: conversion from 'double' to 'GLfloat' requires a narrowing conversion
C:\Users\Romich\source\repos\OpenGL-Drawing\Model.cpp(318,22): warning C4244: 'initializing': conversion from 'double' to 'GLfloat', possible loss of data
C:\Users\Romich\source\repos\OpenGL-Drawing\Model.cpp(319,22): warning C4838: conversion from 'double' to 'GLfloat' requires a narrowing conversion
C:\Users\Romich\source\repos\OpenGL-Drawing\Model.cpp(319,22): warning C4244: 'initializing': conversion from 'double' to 'GLfloat', possible loss of data
C:\Users\Romich\source\repos\OpenGL-Drawing\Model.cpp(333,14): warning C4838: conversion from 'double' to 'GLfloat' requires a narrowing conversion
C:\Users\Romich\source\repos\OpenGL-Drawing\Model.cpp(333,14): warning C4244: 'initializing': conversion from 'double' to 'GLfloat', possible loss of data
C:\Users\Romich\source\repos\OpenGL-Drawing\Model.cpp(333,39): warning C4838: conversion from 'double' to 'GLfloat' requires a narrowing conversion
C:\Users\Romich\source\repos\OpenGL-Drawing\Model.cpp(333,39): warning C4244: 'initializing': conversion from 'double' to 'GLfloat', possible loss of data
C:\Users\Romich\source\repos\OpenGL-Drawing\Model.cpp(335,14): warning C4838: conversion from 'double' to 'GLfloat' requires a narrowing conversion
C:\Users\Romich\source\repos\OpenGL-Drawing\Model.cpp(335,14): warning C4244: 'initializing': conversion from 'double' to 'GLfloat', possible loss of data
C:\Users\Romich\source\repos\OpenGL-Drawing\Model.cpp(335,39): warning C4838: conversion from 'double' to 'GLfloat' requires a narrowing conversion
C:\Users\Romich\source\repos\OpenGL-Drawing\Model.cpp(335,39): warning C4244: 'initializing': conversion from 'double' to 'GLfloat', possible loss of data
C:\Users\Romich\source\repos\OpenGL-Drawing\Model.cpp(336,14): warning C4838: conversion from 'double' to 'GLfloat' requires a narrowing conversion
C:\Users\Romich\source\repos\OpenGL-Drawing\Model.cpp(336,14): warning C4244: 'initializing': conversion from 'double' to 'GLfloat', possible loss of data
C:\Users\Romich\source\repos\OpenGL-Drawing\Model.cpp(336,39): warning C4838: conversion from 'double' to 'GLfloat' requires a narrowing conversion
C:\Users\Romich\source\repos\OpenGL-Drawing\Model.cpp(336,39): warning C4244: 'initializing': conversion from 'double' to 'GLfloat', possible loss of data
C:\Users\Romich\source\repos\OpenGL-Drawing\Model.cpp(339,14): warning C4838: conversion from 'double' to 'GLfloat' requires a narrowing conversion
C:\Users\Romich\source\repos\OpenGL-Drawing\Model.cpp(339,14): warning C4244: 'initializing': conversion from 'double' to 'GLfloat', possible loss of data
C:\Users\Romich\source\repos\OpenGL-Drawing\Model.cpp(339,39): warning C4838: conversion from 'double' to 'GLfloat' requires a narrowing conversion
C:\Users\Romich\source\repos\OpenGL-Drawing\Model.cpp(339,39): warning C4244: 'initializing': conversion from 'double' to 'GLfloat', possible loss of data
C:\Users\Romich\source\repos\OpenGL-Drawing\Model.cpp(340,14): warning C4838: conversion from 'double' to 'GLfloat' requires a narrowing conversion
C:\Users\Romich\source\repos\OpenGL-Drawing\Model.cpp(340,14): warning C4244: 'initializing': conversion from 'double' to 'GLfloat', possible loss of data
C:\Users\Romich\source\repos\OpenGL-Drawing\Model.cpp(340,39): warning C4838: conversion from 'double' to 'GLfloat' requires a narrowing conversion
C:\Users\Romich\source\repos\OpenGL-Drawing\Model.cpp(340,39): warning C4244: 'initializing': conversion from 'double' to 'GLfloat', possible loss of data
C:\Users\Romich\source\repos\OpenGL-Drawing\Model.cpp(341,23): warning C4838: conversion from 'double' to 'GLfloat' requires a narrowing conversion
C:\Users\Romich\source\repos\OpenGL-Drawing\Model.cpp(341,23): warning C4244: 'initializing': conversion from 'double' to 'GLfloat', possible loss of data
C:\Users\Romich\source\repos\OpenGL-Drawing\Model.cpp(343,23): warning C4838: conversion from 'double' to 'GLfloat' requires a narrowing conversion
C:\Users\Romich\source\repos\OpenGL-Drawing\Model.cpp(343,23): warning C4244: 'initializing': conversion from 'double' to 'GLfloat', possible loss of data
C:\Users\Romich\source\repos\OpenGL-Drawing\Model.cpp(344,23): warning C4838: conversion from 'double' to 'GLfloat' requires a narrowing conversion
C:\Users\Romich\source\repos\OpenGL-Drawing\Model.cpp(344,23): warning C4244: 'initializing': conversion from 'double' to 'GLfloat', possible loss of data
C:\Users\Romich\source\repos\OpenGL-Drawing\Model.cpp(345,14): warning C4838: conversion from 'double' to 'GLfloat' requires a narrowing conversion
C:\Users\Romich\source\repos\OpenGL-Drawing\Model.cpp(345,14): warning C4244: 'initializing': conversion from 'double' to 'GLfloat', possible loss of data
C:\Users\Romich\source\repos\OpenGL-Drawing\Model.cpp(345,39): warning C4838: conversion from 'double' to 'GLfloat' requires a narrowing conversion
C:\Users\Romich\source\repos\OpenGL-Drawing\Model.cpp(345,39): warning C4244: 'initializing': conversion from 'double' to 'GLfloat', possible loss of data
C:\Users\Romich\source\repos\OpenGL-Drawing\Model.cpp(347,23): warning C4838: conversion from 'double' to 'GLfloat' requires a narrowing conversion
C:\Users\Romich\source\repos\OpenGL-Drawing\Model.cpp(347,23): warning C4244: 'initializing': conversion from 'double' to 'GLfloat', possible loss of data
C:\Users\Romich\source\repos\OpenGL-Drawing\Model.cpp(348,23): warning C4838: conversion from 'double' to 'GLfloat' requires a narrowing conversion
C:\Users\Romich\source\repos\OpenGL-Drawing\Model.cpp(348,23): warning C4244: 'initializing': conversion from 'double' to 'GLfloat', possible loss of data
C:\Users\Romich\source\repos\OpenGL-Drawing\Model.cpp(349,23): warning C4838: conversion from 'double' to 'GLfloat' requires a narrowing conversion
C:\Users\Romich\source\repos\OpenGL-Drawing\Model.cpp(349,23): warning C4244: 'initializing': conversion from 'double' to 'GLfloat', possible loss of data
C:\Users\Romich\source\repos\OpenGL-Drawing\Model.cpp(351,23): warning C4838: conversion from 'double' to 'GLfloat' requires a narrowing conversion
C:\Users\Romich\source\repos\OpenGL-Drawing\Model.cpp(351,23): warning C4244: 'initializing': conversion from 'double' to 'GLfloat', possible loss of data
C:\Users\Romich\source\repos\OpenGL-Drawing\Model.cpp(352,23): warning C4838: conversion from 'double' to 'GLfloat' requires a narrowing conversion
C:\Users\Romich\source\repos\OpenGL-Drawing\Model.cpp(352,23): warning C4244: 'initializing': conversion from 'double' to 'GLfloat', possible loss of data
C:\Users\Romich\source\repos\OpenGL-Drawing\Model.cpp(353,23): warning C4838: conversion from 'double' to 'GLfloat' requires a narrowing conversion
C:\Users\Romich\source\repos\OpenGL-Drawing\Model.cpp(353,23): warning C4244: 'initializing': conversion from 'double' to 'GLfloat', possible loss of data
C:\Users\Romich\source\repos\OpenGL-Drawing\Model.cpp(355,14): warning C4838: conversion from 'double' to 'GLfloat' requires a narrowing conversion
C:\Users\Romich\source\repos\OpenGL-Drawing\Model.cpp(355,14): warning C4244: 'initializing': conversion from 'double' to 'GLfloat', possible loss of data
C:\Users\Romich\source\repos\OpenGL-Drawing\Model.cpp(355,39): warning C4838: conversion from 'double' to 'GLfloat' requires a narrowing conversion
C:\Users\Romich\source\repos\OpenGL-Drawing\Model.cpp(355,39): warning C4244: 'initializing': conversion from 'double' to 'GLfloat', possible loss of data
C:\Users\Romich\source\repos\OpenGL-Drawing\Model.cpp(356,14): warning C4838: conversion from 'double' to 'GLfloat' requires a narrowing conversion
C:\Users\Romich\source\repos\OpenGL-Drawing\Model.cpp(356,14): warning C4244: 'initializing': conversion from 'double' to 'GLfloat', possible loss of data
C:\Users\Romich\source\repos\OpenGL-Drawing\Model.cpp(356,39): warning C4838: conversion from 'double' to 'GLfloat' requires a narrowing conversion
C:\Users\Romich\source\repos\OpenGL-Drawing\Model.cpp(356,39): warning C4244: 'initializing': conversion from 'double' to 'GLfloat', possible loss of data
C:\Users\Romich\source\repos\OpenGL-Drawing\Model.cpp(357,23): warning C4838: conversion from 'double' to 'GLfloat' requires a narrowing conversion
C:\Users\Romich\source\repos\OpenGL-Drawing\Model.cpp(357,23): warning C4244: 'initializing': conversion from 'double' to 'GLfloat', possible loss of data
C:\Users\Romich\source\repos\OpenGL-Drawing\Model.cpp(359,23): warning C4838: conversion from 'double' to 'GLfloat' requires a narrowing conversion
C:\Users\Romich\source\repos\OpenGL-Drawing\Model.cpp(359,23): warning C4244: 'initializing': conversion from 'double' to 'GLfloat', possible loss of data
C:\Users\Romich\source\repos\OpenGL-Drawing\Model.cpp(360,23): warning C4838: conversion from 'double' to 'GLfloat' requires a narrowing conversion
C:\Users\Romich\source\repos\OpenGL-Drawing\Model.cpp(360,23): warning C4244: 'initializing': conversion from 'double' to 'GLfloat', possible loss of data
C:\Users\Romich\source\repos\OpenGL-Drawing\Model.cpp(361,14): warning C4838: conversion from 'double' to 'GLfloat' requires a narrowing conversion
C:\Users\Romich\source\repos\OpenGL-Drawing\Model.cpp(361,14): warning C4244: 'initializing': conversion from 'double' to 'GLfloat', possible loss of data
C:\Users\Romich\source\repos\OpenGL-Drawing\Model.cpp(361,39): warning C4838: conversion from 'double' to 'GLfloat' requires a narrowing conversion
C:\Users\Romich\source\repos\OpenGL-Drawing\Model.cpp(361,39): warning C4244: 'initializing': conversion from 'double' to 'GLfloat', possible loss of data
C:\Users\Romich\source\repos\OpenGL-Drawing\Model.cpp(365,14): warning C4838: conversion from 'double' to 'GLfloat' requires a narrowing conversion
C:\Users\Romich\source\repos\OpenGL-Drawing\Model.cpp(365,14): warning C4244: 'initializing': conversion from 'double' to 'GLfloat', possible loss of data
C:\Users\Romich\source\repos\OpenGL-Drawing\Model.cpp(365,39): warning C4838: conversion from 'double' to 'GLfloat' requires a narrowing conversion
C:\Users\Romich\source\repos\OpenGL-Drawing\Model.cpp(365,39): warning C4244: 'initializing': conversion from 'double' to 'GLfloat', possible loss of data
C:\Users\Romich\source\repos\OpenGL-Drawing\Model.cpp(367,14): warning C4838: conversion from 'double' to 'GLfloat' requires a narrowing conversion
C:\Users\Romich\source\repos\OpenGL-Drawing\Model.cpp(367,14): warning C4244: 'initializing': conversion from 'double' to 'GLfloat', possible loss of data
C:\Users\Romich\source\repos\OpenGL-Drawing\Model.cpp(367,39): warning C4838: conversion from 'double' to 'GLfloat' requires a narrowing conversion
C:\Users\Romich\source\repos\OpenGL-Drawing\Model.cpp(367,39): warning C4244: 'initializing': conversion from 'double' to 'GLfloat', possible loss of data
C:\Users\Romich\source\repos\OpenGL-Drawing\Model.cpp(368,14): warning C4838: conversion from 'double' to 'GLfloat' requires a narrowing conversion
C:\Users\Romich\source\repos\OpenGL-Drawing\Model.cpp(368,14): warning C4244: 'initializing': conversion from 'double' to 'GLfloat', possible loss of data
C:\Users\Romich\source\repos\OpenGL-Drawing\Model.cpp(368,39): warning C4838: conversion from 'double' to 'GLfloat' requires a narrowing conversion
C:\Users\Romich\source\repos\OpenGL-Drawing\Model.cpp(368,39): warning C4244: 'initializing': conversion from 'double' to 'GLfloat', possible loss of data
C:\Users\Romich\source\repos\OpenGL-Drawing\Model.cpp(381,22): warning C4838: conversion from 'double' to 'GLfloat' requires a narrowing conversion
C:\Users\Romich\source\repos\OpenGL-Drawing\Model.cpp(381,22): warning C4244: 'initializing': conversion from 'double' to 'GLfloat', possible loss of data
C:\Users\Romich\source\repos\OpenGL-Drawing\Model.cpp(384,22): warning C4838: conversion from 'double' to 'GLfloat' requires a narrowing conversion
C:\Users\Romich\source\repos\OpenGL-Drawing\Model.cpp(384,22): warning C4244: 'initializing': conversion from 'double' to 'GLfloat', possible loss of data
C:\Users\Romich\source\repos\OpenGL-Drawing\Model.cpp(385,14): warning C4838: conversion from 'double' to 'GLfloat' requires a narrowing conversion
C:\Users\Romich\source\repos\OpenGL-Drawing\Model.cpp(385,14): warning C4244: 'initializing': conversion from 'double' to 'GLfloat', possible loss of data
C:\Users\Romich\source\repos\OpenGL-Drawing\Model.cpp(385,39): warning C4838: conversion from 'double' to 'GLfloat' requires a narrowing conversion
C:\Users\Romich\source\repos\OpenGL-Drawing\Model.cpp(385,39): warning C4244: 'initializing': conversion from 'double' to 'GLfloat', possible loss of data
C:\Users\Romich\source\repos\OpenGL-Drawing\Model.cpp(388,14): warning C4838: conversion from 'double' to 'GLfloat' requires a narrowing conversion
C:\Users\Romich\source\repos\OpenGL-Drawing\Model.cpp(388,14): warning C4244: 'initializing': conversion from 'double' to 'GLfloat', possible loss of data
C:\Users\Romich\source\repos\OpenGL-Drawing\Model.cpp(388,39): warning C4838: conversion from 'double' to 'GLfloat' requires a narrowing conversion
C:\Users\Romich\source\repos\OpenGL-Drawing\Model.cpp(388,39): warning C4244: 'initializing': conversion from 'double' to 'GLfloat', possible loss of data
C:\Users\Romich\source\repos\OpenGL-Drawing\Model.cpp(389,22): warning C4838: conversion from 'double' to 'GLfloat' requires a narrowing conversion
C:\Users\Romich\source\repos\OpenGL-Drawing\Model.cpp(389,22): warning C4244: 'initializing': conversion from 'double' to 'GLfloat', possible loss of data
C:\Users\Romich\source\repos\OpenGL-Drawing\Model.cpp(390,21): warning C4838: conversion from 'double' to 'GLfloat' requires a narrowing conversion
C:\Users\Romich\source\repos\OpenGL-Drawing\Model.cpp(390,21): warning C4244: 'initializing': conversion from 'double' to 'GLfloat', possible loss of data
C:\Users\Romich\source\repos\OpenGL-Drawing\Model.cpp(392,23): warning C4838: conversion from 'double' to 'GLfloat' requires a narrowing conversion
C:\Users\Romich\source\repos\OpenGL-Drawing\Model.cpp(392,23): warning C4244: 'initializing': conversion from 'double' to 'GLfloat', possible loss of data
C:\Users\Romich\source\repos\OpenGL-Drawing\Model.cpp(393,21): warning C4838: conversion from 'double' to 'GLfloat' requires a narrowing conversion
C:\Users\Romich\source\repos\OpenGL-Drawing\Model.cpp(393,21): warning C4244: 'initializing': conversion from 'double' to 'GLfloat', possible loss of data
C:\Users\Romich\source\repos\OpenGL-Drawing\Model.cpp(394,14): warning C4838: conversion from 'double' to 'GLfloat' requires a narrowing conversion
C:\Users\Romich\source\repos\OpenGL-Drawing\Model.cpp(394,14): warning C4244: 'initializing': conversion from 'double' to 'GLfloat', possible loss of data
C:\Users\Romich\source\repos\OpenGL-Drawing\Model.cpp(394,39): warning C4838: conversion from 'double' to 'GLfloat' requires a narrowing conversion
C:\Users\Romich\source\repos\OpenGL-Drawing\Model.cpp(394,39): warning C4244: 'initializing': conversion from 'double' to 'GLfloat', possible loss of data
C:\Users\Romich\source\repos\OpenGL-Drawing\Model.cpp(396,21): warning C4838: conversion from 'double' to 'GLfloat' requires a narrowing conversion
C:\Users\Romich\source\repos\OpenGL-Drawing\Model.cpp(396,21): warning C4244: 'initializing': conversion from 'double' to 'GLfloat', possible loss of data
C:\Users\Romich\source\repos\OpenGL-Drawing\Model.cpp(397,21): warning C4838: conversion from 'double' to 'GLfloat' requires a narrowing conversion
C:\Users\Romich\source\repos\OpenGL-Drawing\Model.cpp(397,21): warning C4244: 'initializing': conversion from 'double' to 'GLfloat', possible loss of data
C:\Users\Romich\source\repos\OpenGL-Drawing\Model.cpp(398,23): warning C4838: conversion from 'double' to 'GLfloat' requires a narrowing conversion
C:\Users\Romich\source\repos\OpenGL-Drawing\Model.cpp(398,23): warning C4244: 'initializing': conversion from 'double' to 'GLfloat', possible loss of data
C:\Users\Romich\source\repos\OpenGL-Drawing\Model.cpp(400,21): warning C4838: conversion from 'double' to 'GLfloat' requires a narrowing conversion
C:\Users\Romich\source\repos\OpenGL-Drawing\Model.cpp(400,21): warning C4244: 'initializing': conversion from 'double' to 'GLfloat', possible loss of data
C:\Users\Romich\source\repos\OpenGL-Drawing\Model.cpp(401,23): warning C4838: conversion from 'double' to 'GLfloat' requires a narrowing conversion
C:\Users\Romich\source\repos\OpenGL-Drawing\Model.cpp(401,23): warning C4244: 'initializing': conversion from 'double' to 'GLfloat', possible loss of data
C:\Users\Romich\source\repos\OpenGL-Drawing\Model.cpp(402,23): warning C4838: conversion from 'double' to 'GLfloat' requires a narrowing conversion
C:\Users\Romich\source\repos\OpenGL-Drawing\Model.cpp(402,23): warning C4244: 'initializing': conversion from 'double' to 'GLfloat', possible loss of data
C:\Users\Romich\source\repos\OpenGL-Drawing\Model.cpp(404,14): warning C4838: conversion from 'double' to 'GLfloat' requires a narrowing conversion
C:\Users\Romich\source\repos\OpenGL-Drawing\Model.cpp(404,14): warning C4244: 'initializing': conversion from 'double' to 'GLfloat', possible loss of data
C:\Users\Romich\source\repos\OpenGL-Drawing\Model.cpp(404,39): warning C4838: conversion from 'double' to 'GLfloat' requires a narrowing conversion
C:\Users\Romich\source\repos\OpenGL-Drawing\Model.cpp(404,39): warning C4244: 'initializing': conversion from 'double' to 'GLfloat', possible loss of data
C:\Users\Romich\source\repos\OpenGL-Drawing\Model.cpp(405,22): warning C4838: conversion from 'double' to 'GLfloat' requires a narrowing conversion
C:\Users\Romich\source\repos\OpenGL-Drawing\Model.cpp(405,22): warning C4244: 'initializing': conversion from 'double' to 'GLfloat', possible loss of data
C:\Users\Romich\source\repos\OpenGL-Drawing\Model.cpp(406,21): warning C4838: conversion from 'double' to 'GLfloat' requires a narrowing conversion
C:\Users\Romich\source\repos\OpenGL-Drawing\Model.cpp(406,21): warning C4244: 'initializing': conversion from 'double' to 'GLfloat', possible loss of data
C:\Users\Romich\source\repos\OpenGL-Drawing\Model.cpp(408,23): warning C4838: conversion from 'double' to 'GLfloat' requires a narrowing conversion
C:\Users\Romich\source\repos\OpenGL-Drawing\Model.cpp(408,23): warning C4244: 'initializing': conversion from 'double' to 'GLfloat', possible loss of data
C:\Users\Romich\source\repos\OpenGL-Drawing\Model.cpp(409,21): warning C4838: conversion from 'double' to 'GLfloat' requires a narrowing conversion
C:\Users\Romich\source\repos\OpenGL-Drawing\Model.cpp(409,21): warning C4244: 'initializing': conversion from 'double' to 'GLfloat', possible loss of data
C:\Users\Romich\source\repos\OpenGL-Drawing\Model.cpp(410,14): warning C4838: conversion from 'double' to 'GLfloat' requires a narrowing conversion
C:\Users\Romich\source\repos\OpenGL-Drawing\Model.cpp(410,14): warning C4244: 'initializing': conversion from 'double' to 'GLfloat', possible loss of data
C:\Users\Romich\source\repos\OpenGL-Drawing\Model.cpp(410,39): warning C4838: conversion from 'double' to 'GLfloat' requires a narrowing conversion
C:\Users\Romich\source\repos\OpenGL-Drawing\Model.cpp(410,39): warning C4244: 'initializing': conversion from 'double' to 'GLfloat', possible loss of data
C:\Users\Romich\source\repos\OpenGL-Drawing\Model.cpp(413,22): warning C4838: conversion from 'double' to 'GLfloat' requires a narrowing conversion
C:\Users\Romich\source\repos\OpenGL-Drawing\Model.cpp(413,22): warning C4244: 'initializing': conversion from 'double' to 'GLfloat', possible loss of data
C:\Users\Romich\source\repos\OpenGL-Drawing\Model.cpp(416,22): warning C4838: conversion from 'double' to 'GLfloat' requires a narrowing conversion
C:\Users\Romich\source\repos\OpenGL-Drawing\Model.cpp(416,22): warning C4244: 'initializing': conversion from 'double' to 'GLfloat', possible loss of data
C:\Users\Romich\source\repos\OpenGL-Drawing\Model.cpp(417,14): warning C4838: conversion from 'double' to 'GLfloat' requires a narrowing conversion
C:\Users\Romich\source\repos\OpenGL-Drawing\Model.cpp(417,14): warning C4244: 'initializing': conversion from 'double' to 'GLfloat', possible loss of data
C:\Users\Romich\source\repos\OpenGL-Drawing\Model.cpp(417,39): warning C4838: conversion from 'double' to 'GLfloat' requires a narrowing conversion
C:\Users\Romich\source\repos\OpenGL-Drawing\Model.cpp(417,39): warning C4244: 'initializing': conversion from 'double' to 'GLfloat', possible loss of data
C:\Users\Romich\source\repos\OpenGL-Drawing\Model.cpp(433,23): warning C4838: conversion from 'double' to 'GLfloat' requires a narrowing conversion
C:\Users\Romich\source\repos\OpenGL-Drawing\Model.cpp(433,23): warning C4244: 'initializing': conversion from 'double' to 'GLfloat', possible loss of data
C:\Users\Romich\source\repos\OpenGL-Drawing\Model.cpp(435,23): warning C4838: conversion from 'double' to 'GLfloat' requires a narrowing conversion
C:\Users\Romich\source\repos\OpenGL-Drawing\Model.cpp(435,23): warning C4244: 'initializing': conversion from 'double' to 'GLfloat', possible loss of data
C:\Users\Romich\source\repos\OpenGL-Drawing\Model.cpp(436,23): warning C4838: conversion from 'double' to 'GLfloat' requires a narrowing conversion
C:\Users\Romich\source\repos\OpenGL-Drawing\Model.cpp(436,23): warning C4244: 'initializing': conversion from 'double' to 'GLfloat', possible loss of data
C:\Users\Romich\source\repos\OpenGL-Drawing\Model.cpp(439,22): warning C4838: conversion from 'double' to 'GLfloat' requires a narrowing conversion
C:\Users\Romich\source\repos\OpenGL-Drawing\Model.cpp(439,22): warning C4244: 'initializing': conversion from 'double' to 'GLfloat', possible loss of data
C:\Users\Romich\source\repos\OpenGL-Drawing\Model.cpp(440,22): warning C4838: conversion from 'double' to 'GLfloat' requires a narrowing conversion
C:\Users\Romich\source\repos\OpenGL-Drawing\Model.cpp(440,22): warning C4244: 'initializing': conversion from 'double' to 'GLfloat', possible loss of data
C:\Users\Romich\source\repos\OpenGL-Drawing\Model.cpp(441,23): warning C4838: conversion from 'double' to 'GLfloat' requires a narrowing conversion
C:\Users\Romich\source\repos\OpenGL-Drawing\Model.cpp(441,23): warning C4244: 'initializing': conversion from 'double' to 'GLfloat', possible loss of data
C:\Users\Romich\source\repos\OpenGL-Drawing\Model.cpp(443,23): warning C4838: conversion from 'double' to 'GLfloat' requires a narrowing conversion
C:\Users\Romich\source\repos\OpenGL-Drawing\Model.cpp(443,23): warning C4244: 'initializing': conversion from 'double' to 'GLfloat', possible loss of data
C:\Users\Romich\source\repos\OpenGL-Drawing\Model.cpp(444,23): warning C4838: conversion from 'double' to 'GLfloat' requires a narrowing conversion
C:\Users\Romich\source\repos\OpenGL-Drawing\Model.cpp(444,23): warning C4244: 'initializing': conversion from 'double' to 'GLfloat', possible loss of data
C:\Users\Romich\source\repos\OpenGL-Drawing\Model.cpp(445,22): warning C4838: conversion from 'double' to 'GLfloat' requires a narrowing conversion
C:\Users\Romich\source\repos\OpenGL-Drawing\Model.cpp(445,22): warning C4244: 'initializing': conversion from 'double' to 'GLfloat', possible loss of data
C:\Users\Romich\source\repos\OpenGL-Drawing\Model.cpp(447,22): warning C4838: conversion from 'double' to 'GLfloat' requires a narrowing conversion
C:\Users\Romich\source\repos\OpenGL-Drawing\Model.cpp(447,22): warning C4244: 'initializing': conversion from 'double' to 'GLfloat', possible loss of data
C:\Users\Romich\source\repos\OpenGL-Drawing\Model.cpp(448,22): warning C4838: conversion from 'double' to 'GLfloat' requires a narrowing conversion
C:\Users\Romich\source\repos\OpenGL-Drawing\Model.cpp(448,22): warning C4244: 'initializing': conversion from 'double' to 'GLfloat', possible loss of data
C:\Users\Romich\source\repos\OpenGL-Drawing\Model.cpp(449,22): warning C4838: conversion from 'double' to 'GLfloat' requires a narrowing conversion
C:\Users\Romich\source\repos\OpenGL-Drawing\Model.cpp(449,22): warning C4244: 'initializing': conversion from 'double' to 'GLfloat', possible loss of data
C:\Users\Romich\source\repos\OpenGL-Drawing\Model.cpp(451,22): warning C4838: conversion from 'double' to 'GLfloat' requires a narrowing conversion
C:\Users\Romich\source\repos\OpenGL-Drawing\Model.cpp(451,22): warning C4244: 'initializing': conversion from 'double' to 'GLfloat', possible loss of data
C:\Users\Romich\source\repos\OpenGL-Drawing\Model.cpp(452,22): warning C4838: conversion from 'double' to 'GLfloat' requires a narrowing conversion
C:\Users\Romich\source\repos\OpenGL-Drawing\Model.cpp(452,22): warning C4244: 'initializing': conversion from 'double' to 'GLfloat', possible loss of data
C:\Users\Romich\source\repos\OpenGL-Drawing\Model.cpp(453,22): warning C4838: conversion from 'double' to 'GLfloat' requires a narrowing conversion
C:\Users\Romich\source\repos\OpenGL-Drawing\Model.cpp(453,22): warning C4244: 'initializing': conversion from 'double' to 'GLfloat', possible loss of data
C:\Users\Romich\source\repos\OpenGL-Drawing\Model.cpp(455,22): warning C4838: conversion from 'double' to 'GLfloat' requires a narrowing conversion
C:\Users\Romich\source\repos\OpenGL-Drawing\Model.cpp(455,22): warning C4244: 'initializing': conversion from 'double' to 'GLfloat', possible loss of data
C:\Users\Romich\source\repos\OpenGL-Drawing\Model.cpp(456,22): warning C4838: conversion from 'double' to 'GLfloat' requires a narrowing conversion
C:\Users\Romich\source\repos\OpenGL-Drawing\Model.cpp(456,22): warning C4244: 'initializing': conversion from 'double' to 'GLfloat', possible loss of data
C:\Users\Romich\source\repos\OpenGL-Drawing\Model.cpp(457,23): warning C4838: conversion from 'double' to 'GLfloat' requires a narrowing conversion
C:\Users\Romich\source\repos\OpenGL-Drawing\Model.cpp(457,23): warning C4244: 'initializing': conversion from 'double' to 'GLfloat', possible loss of data
C:\Users\Romich\source\repos\OpenGL-Drawing\Model.cpp(459,23): warning C4838: conversion from 'double' to 'GLfloat' requires a narrowing conversion
C:\Users\Romich\source\repos\OpenGL-Drawing\Model.cpp(459,23): warning C4244: 'initializing': conversion from 'double' to 'GLfloat', possible loss of data
C:\Users\Romich\source\repos\OpenGL-Drawing\Model.cpp(460,23): warning C4838: conversion from 'double' to 'GLfloat' requires a narrowing conversion
C:\Users\Romich\source\repos\OpenGL-Drawing\Model.cpp(460,23): warning C4244: 'initializing': conversion from 'double' to 'GLfloat', possible loss of data
C:\Users\Romich\source\repos\OpenGL-Drawing\Model.cpp(461,22): warning C4838: conversion from 'double' to 'GLfloat' requires a narrowing conversion
C:\Users\Romich\source\repos\OpenGL-Drawing\Model.cpp(461,22): warning C4244: 'initializing': conversion from 'double' to 'GLfloat', possible loss of data
C:\Users\Romich\source\repos\OpenGL-Drawing\Model.cpp(465,23): warning C4838: conversion from 'double' to 'GLfloat' requires a narrowing conversion
C:\Users\Romich\source\repos\OpenGL-Drawing\Model.cpp(465,23): warning C4244: 'initializing': conversion from 'double' to 'GLfloat', possible loss of data
C:\Users\Romich\source\repos\OpenGL-Drawing\Model.cpp(467,23): warning C4838: conversion from 'double' to 'GLfloat' requires a narrowing conversion
C:\Users\Romich\source\repos\OpenGL-Drawing\Model.cpp(467,23): warning C4244: 'initializing': conversion from 'double' to 'GLfloat', possible loss of data
C:\Users\Romich\source\repos\OpenGL-Drawing\Model.cpp(468,23): warning C4838: conversion from 'double' to 'GLfloat' requires a narrowing conversion
C:\Users\Romich\source\repos\OpenGL-Drawing\Model.cpp(468,23): warning C4244: 'initializing': conversion from 'double' to 'GLfloat', possible loss of data
C:\Users\Romich\source\repos\OpenGL-Drawing\Model.cpp(482,15): warning C4838: conversion from 'double' to 'GLfloat' requires a narrowing conversion
C:\Users\Romich\source\repos\OpenGL-Drawing\Model.cpp(482,15): warning C4244: 'initializing': conversion from 'double' to 'GLfloat', possible loss of data
C:\Users\Romich\source\repos\OpenGL-Drawing\Model.cpp(482,40): warning C4838: conversion from 'double' to 'GLfloat' requires a narrowing conversion
C:\Users\Romich\source\repos\OpenGL-Drawing\Model.cpp(482,40): warning C4244: 'initializing': conversion from 'double' to 'GLfloat', possible loss of data
C:\Users\Romich\source\repos\OpenGL-Drawing\Model.cpp(484,15): warning C4838: conversion from 'double' to 'GLfloat' requires a narrowing conversion
C:\Users\Romich\source\repos\OpenGL-Drawing\Model.cpp(484,15): warning C4244: 'initializing': conversion from 'double' to 'GLfloat', possible loss of data
C:\Users\Romich\source\repos\OpenGL-Drawing\Model.cpp(484,40): warning C4838: conversion from 'double' to 'GLfloat' requires a narrowing conversion
C:\Users\Romich\source\repos\OpenGL-Drawing\Model.cpp(484,40): warning C4244: 'initializing': conversion from 'double' to 'GLfloat', possible loss of data
C:\Users\Romich\source\repos\OpenGL-Drawing\Model.cpp(485,15): warning C4838: conversion from 'double' to 'GLfloat' requires a narrowing conversion
C:\Users\Romich\source\repos\OpenGL-Drawing\Model.cpp(485,15): warning C4244: 'initializing': conversion from 'double' to 'GLfloat', possible loss of data
C:\Users\Romich\source\repos\OpenGL-Drawing\Model.cpp(485,40): warning C4838: conversion from 'double' to 'GLfloat' requires a narrowing conversion
C:\Users\Romich\source\repos\OpenGL-Drawing\Model.cpp(485,40): warning C4244: 'initializing': conversion from 'double' to 'GLfloat', possible loss of data
C:\Users\Romich\source\repos\OpenGL-Drawing\Model.cpp(488,15): warning C4838: conversion from 'double' to 'GLfloat' requires a narrowing conversion
C:\Users\Romich\source\repos\OpenGL-Drawing\Model.cpp(488,15): warning C4244: 'initializing': conversion from 'double' to 'GLfloat', possible loss of data
C:\Users\Romich\source\repos\OpenGL-Drawing\Model.cpp(488,40): warning C4838: conversion from 'double' to 'GLfloat' requires a narrowing conversion
C:\Users\Romich\source\repos\OpenGL-Drawing\Model.cpp(488,40): warning C4244: 'initializing': conversion from 'double' to 'GLfloat', possible loss of data
C:\Users\Romich\source\repos\OpenGL-Drawing\Model.cpp(489,15): warning C4838: conversion from 'double' to 'GLfloat' requires a narrowing conversion
C:\Users\Romich\source\repos\OpenGL-Drawing\Model.cpp(489,15): warning C4244: 'initializing': conversion from 'double' to 'GLfloat', possible loss of data
C:\Users\Romich\source\repos\OpenGL-Drawing\Model.cpp(489,40): warning C4838: conversion from 'double' to 'GLfloat' requires a narrowing conversion
C:\Users\Romich\source\repos\OpenGL-Drawing\Model.cpp(489,40): warning C4244: 'initializing': conversion from 'double' to 'GLfloat', possible loss of data
C:\Users\Romich\source\repos\OpenGL-Drawing\Model.cpp(490,24): warning C4838: conversion from 'double' to 'GLfloat' requires a narrowing conversion
C:\Users\Romich\source\repos\OpenGL-Drawing\Model.cpp(490,24): warning C4244: 'initializing': conversion from 'double' to 'GLfloat', possible loss of data
C:\Users\Romich\source\repos\OpenGL-Drawing\Model.cpp(492,24): warning C4838: conversion from 'double' to 'GLfloat' requires a narrowing conversion
C:\Users\Romich\source\repos\OpenGL-Drawing\Model.cpp(492,24): warning C4244: 'initializing': conversion from 'double' to 'GLfloat', possible loss of data
C:\Users\Romich\source\repos\OpenGL-Drawing\Model.cpp(493,24): warning C4838: conversion from 'double' to 'GLfloat' requires a narrowing conversion
C:\Users\Romich\source\repos\OpenGL-Drawing\Model.cpp(493,24): warning C4244: 'initializing': conversion from 'double' to 'GLfloat', possible loss of data
C:\Users\Romich\source\repos\OpenGL-Drawing\Model.cpp(494,15): warning C4838: conversion from 'double' to 'GLfloat' requires a narrowing conversion
C:\Users\Romich\source\repos\OpenGL-Drawing\Model.cpp(494,15): warning C4244: 'initializing': conversion from 'double' to 'GLfloat', possible loss of data
C:\Users\Romich\source\repos\OpenGL-Drawing\Model.cpp(494,40): warning C4838: conversion from 'double' to 'GLfloat' requires a narrowing conversion
C:\Users\Romich\source\repos\OpenGL-Drawing\Model.cpp(494,40): warning C4244: 'initializing': conversion from 'double' to 'GLfloat', possible loss of data
C:\Users\Romich\source\repos\OpenGL-Drawing\Model.cpp(496,24): warning C4838: conversion from 'double' to 'GLfloat' requires a narrowing conversion
C:\Users\Romich\source\repos\OpenGL-Drawing\Model.cpp(496,24): warning C4244: 'initializing': conversion from 'double' to 'GLfloat', possible loss of data
C:\Users\Romich\source\repos\OpenGL-Drawing\Model.cpp(497,24): warning C4838: conversion from 'double' to 'GLfloat' requires a narrowing conversion
C:\Users\Romich\source\repos\OpenGL-Drawing\Model.cpp(497,24): warning C4244: 'initializing': conversion from 'double' to 'GLfloat', possible loss of data
C:\Users\Romich\source\repos\OpenGL-Drawing\Model.cpp(498,24): warning C4838: conversion from 'double' to 'GLfloat' requires a narrowing conversion
C:\Users\Romich\source\repos\OpenGL-Drawing\Model.cpp(498,24): warning C4244: 'initializing': conversion from 'double' to 'GLfloat', possible loss of data
C:\Users\Romich\source\repos\OpenGL-Drawing\Model.cpp(500,24): warning C4838: conversion from 'double' to 'GLfloat' requires a narrowing conversion
C:\Users\Romich\source\repos\OpenGL-Drawing\Model.cpp(500,24): warning C4244: 'initializing': conversion from 'double' to 'GLfloat', possible loss of data
C:\Users\Romich\source\repos\OpenGL-Drawing\Model.cpp(501,24): warning C4838: conversion from 'double' to 'GLfloat' requires a narrowing conversion
C:\Users\Romich\source\repos\OpenGL-Drawing\Model.cpp(501,24): warning C4244: 'initializing': conversion from 'double' to 'GLfloat', possible loss of data
C:\Users\Romich\source\repos\OpenGL-Drawing\Model.cpp(502,24): warning C4838: conversion from 'double' to 'GLfloat' requires a narrowing conversion
C:\Users\Romich\source\repos\OpenGL-Drawing\Model.cpp(502,24): warning C4244: 'initializing': conversion from 'double' to 'GLfloat', possible loss of data
C:\Users\Romich\source\repos\OpenGL-Drawing\Model.cpp(504,15): warning C4838: conversion from 'double' to 'GLfloat' requires a narrowing conversion
C:\Users\Romich\source\repos\OpenGL-Drawing\Model.cpp(504,15): warning C4244: 'initializing': conversion from 'double' to 'GLfloat', possible loss of data
C:\Users\Romich\source\repos\OpenGL-Drawing\Model.cpp(504,40): warning C4838: conversion from 'double' to 'GLfloat' requires a narrowing conversion
C:\Users\Romich\source\repos\OpenGL-Drawing\Model.cpp(504,40): warning C4244: 'initializing': conversion from 'double' to 'GLfloat', possible loss of data
C:\Users\Romich\source\repos\OpenGL-Drawing\Model.cpp(505,15): warning C4838: conversion from 'double' to 'GLfloat' requires a narrowing conversion
C:\Users\Romich\source\repos\OpenGL-Drawing\Model.cpp(505,15): warning C4244: 'initializing': conversion from 'double' to 'GLfloat', possible loss of data
C:\Users\Romich\source\repos\OpenGL-Drawing\Model.cpp(505,40): warning C4838: conversion from 'double' to 'GLfloat' requires a narrowing conversion
C:\Users\Romich\source\repos\OpenGL-Drawing\Model.cpp(505,40): warning C4244: 'initializing': conversion from 'double' to 'GLfloat', possible loss of data
C:\Users\Romich\source\repos\OpenGL-Drawing\Model.cpp(506,24): warning C4838: conversion from 'double' to 'GLfloat' requires a narrowing conversion
C:\Users\Romich\source\repos\OpenGL-Drawing\Model.cpp(506,24): warning C4244: 'initializing': conversion from 'double' to 'GLfloat', possible loss of data
C:\Users\Romich\source\repos\OpenGL-Drawing\Model.cpp(508,24): warning C4838: conversion from 'double' to 'GLfloat' requires a narrowing conversion
C:\Users\Romich\source\repos\OpenGL-Drawing\Model.cpp(508,24): warning C4244: 'initializing': conversion from 'double' to 'GLfloat', possible loss of data
C:\Users\Romich\source\repos\OpenGL-Drawing\Model.cpp(509,24): warning C4838: conversion from 'double' to 'GLfloat' requires a narrowing conversion
C:\Users\Romich\source\repos\OpenGL-Drawing\Model.cpp(509,24): warning C4244: 'initializing': conversion from 'double' to 'GLfloat', possible loss of data
C:\Users\Romich\source\repos\OpenGL-Drawing\Model.cpp(510,15): warning C4838: conversion from 'double' to 'GLfloat' requires a narrowing conversion
C:\Users\Romich\source\repos\OpenGL-Drawing\Model.cpp(510,15): warning C4244: 'initializing': conversion from 'double' to 'GLfloat', possible loss of data
C:\Users\Romich\source\repos\OpenGL-Drawing\Model.cpp(510,40): warning C4838: conversion from 'double' to 'GLfloat' requires a narrowing conversion
C:\Users\Romich\source\repos\OpenGL-Drawing\Model.cpp(510,40): warning C4244: 'initializing': conversion from 'double' to 'GLfloat', possible loss of data
C:\Users\Romich\source\repos\OpenGL-Drawing\Model.cpp(514,15): warning C4838: conversion from 'double' to 'GLfloat' requires a narrowing conversion
C:\Users\Romich\source\repos\OpenGL-Drawing\Model.cpp(514,15): warning C4244: 'initializing': conversion from 'double' to 'GLfloat', possible loss of data
C:\Users\Romich\source\repos\OpenGL-Drawing\Model.cpp(514,40): warning C4838: conversion from 'double' to 'GLfloat' requires a narrowing conversion
C:\Users\Romich\source\repos\OpenGL-Drawing\Model.cpp(514,40): warning C4244: 'initializing': conversion from 'double' to 'GLfloat', possible loss of data
C:\Users\Romich\source\repos\OpenGL-Drawing\Model.cpp(516,15): warning C4838: conversion from 'double' to 'GLfloat' requires a narrowing conversion
C:\Users\Romich\source\repos\OpenGL-Drawing\Model.cpp(516,15): warning C4244: 'initializing': conversion from 'double' to 'GLfloat', possible loss of data
C:\Users\Romich\source\repos\OpenGL-Drawing\Model.cpp(516,40): warning C4838: conversion from 'double' to 'GLfloat' requires a narrowing conversion
C:\Users\Romich\source\repos\OpenGL-Drawing\Model.cpp(516,40): warning C4244: 'initializing': conversion from 'double' to 'GLfloat', possible loss of data
C:\Users\Romich\source\repos\OpenGL-Drawing\Model.cpp(517,15): warning C4838: conversion from 'double' to 'GLfloat' requires a narrowing conversion
C:\Users\Romich\source\repos\OpenGL-Drawing\Model.cpp(517,15): warning C4244: 'initializing': conversion from 'double' to 'GLfloat', possible loss of data
C:\Users\Romich\source\repos\OpenGL-Drawing\Model.cpp(517,40): warning C4838: conversion from 'double' to 'GLfloat' requires a narrowing conversion
C:\Users\Romich\source\repos\OpenGL-Drawing\Model.cpp(517,40): warning C4244: 'initializing': conversion from 'double' to 'GLfloat', possible loss of data
C:\Users\Romich\source\repos\OpenGL-Drawing\Model.cpp(530,23): warning C4838: conversion from 'double' to 'GLfloat' requires a narrowing conversion
C:\Users\Romich\source\repos\OpenGL-Drawing\Model.cpp(530,23): warning C4244: 'initializing': conversion from 'double' to 'GLfloat', possible loss of data
C:\Users\Romich\source\repos\OpenGL-Drawing\Model.cpp(533,23): warning C4838: conversion from 'double' to 'GLfloat' requires a narrowing conversion
C:\Users\Romich\source\repos\OpenGL-Drawing\Model.cpp(533,23): warning C4244: 'initializing': conversion from 'double' to 'GLfloat', possible loss of data
C:\Users\Romich\source\repos\OpenGL-Drawing\Model.cpp(534,15): warning C4838: conversion from 'double' to 'GLfloat' requires a narrowing conversion
C:\Users\Romich\source\repos\OpenGL-Drawing\Model.cpp(534,15): warning C4244: 'initializing': conversion from 'double' to 'GLfloat', possible loss of data
C:\Users\Romich\source\repos\OpenGL-Drawing\Model.cpp(534,40): warning C4838: conversion from 'double' to 'GLfloat' requires a narrowing conversion
C:\Users\Romich\source\repos\OpenGL-Drawing\Model.cpp(534,40): warning C4244: 'initializing': conversion from 'double' to 'GLfloat', possible loss of data
C:\Users\Romich\source\repos\OpenGL-Drawing\Model.cpp(537,15): warning C4838: conversion from 'double' to 'GLfloat' requires a narrowing conversion
C:\Users\Romich\source\repos\OpenGL-Drawing\Model.cpp(537,15): warning C4244: 'initializing': conversion from 'double' to 'GLfloat', possible loss of data
C:\Users\Romich\source\repos\OpenGL-Drawing\Model.cpp(537,40): warning C4838: conversion from 'double' to 'GLfloat' requires a narrowing conversion
C:\Users\Romich\source\repos\OpenGL-Drawing\Model.cpp(537,40): warning C4244: 'initializing': conversion from 'double' to 'GLfloat', possible loss of data
C:\Users\Romich\source\repos\OpenGL-Drawing\Model.cpp(538,23): warning C4838: conversion from 'double' to 'GLfloat' requires a narrowing conversion
C:\Users\Romich\source\repos\OpenGL-Drawing\Model.cpp(538,23): warning C4244: 'initializing': conversion from 'double' to 'GLfloat', possible loss of data
C:\Users\Romich\source\repos\OpenGL-Drawing\Model.cpp(539,22): warning C4838: conversion from 'double' to 'GLfloat' requires a narrowing conversion
C:\Users\Romich\source\repos\OpenGL-Drawing\Model.cpp(539,22): warning C4244: 'initializing': conversion from 'double' to 'GLfloat', possible loss of data
C:\Users\Romich\source\repos\OpenGL-Drawing\Model.cpp(541,24): warning C4838: conversion from 'double' to 'GLfloat' requires a narrowing conversion
C:\Users\Romich\source\repos\OpenGL-Drawing\Model.cpp(541,24): warning C4244: 'initializing': conversion from 'double' to 'GLfloat', possible loss of data
C:\Users\Romich\source\repos\OpenGL-Drawing\Model.cpp(542,22): warning C4838: conversion from 'double' to 'GLfloat' requires a narrowing conversion
C:\Users\Romich\source\repos\OpenGL-Drawing\Model.cpp(542,22): warning C4244: 'initializing': conversion from 'double' to 'GLfloat', possible loss of data
C:\Users\Romich\source\repos\OpenGL-Drawing\Model.cpp(543,15): warning C4838: conversion from 'double' to 'GLfloat' requires a narrowing conversion
C:\Users\Romich\source\repos\OpenGL-Drawing\Model.cpp(543,15): warning C4244: 'initializing': conversion from 'double' to 'GLfloat', possible loss of data
C:\Users\Romich\source\repos\OpenGL-Drawing\Model.cpp(543,40): warning C4838: conversion from 'double' to 'GLfloat' requires a narrowing conversion
C:\Users\Romich\source\repos\OpenGL-Drawing\Model.cpp(543,40): warning C4244: 'initializing': conversion from 'double' to 'GLfloat', possible loss of data
C:\Users\Romich\source\repos\OpenGL-Drawing\Model.cpp(545,22): warning C4838: conversion from 'double' to 'GLfloat' requires a narrowing conversion
C:\Users\Romich\source\repos\OpenGL-Drawing\Model.cpp(545,22): warning C4244: 'initializing': conversion from 'double' to 'GLfloat', possible loss of data
C:\Users\Romich\source\repos\OpenGL-Drawing\Model.cpp(546,22): warning C4838: conversion from 'double' to 'GLfloat' requires a narrowing conversion
C:\Users\Romich\source\repos\OpenGL-Drawing\Model.cpp(546,22): warning C4244: 'initializing': conversion from 'double' to 'GLfloat', possible loss of data
C:\Users\Romich\source\repos\OpenGL-Drawing\Model.cpp(547,24): warning C4838: conversion from 'double' to 'GLfloat' requires a narrowing conversion
C:\Users\Romich\source\repos\OpenGL-Drawing\Model.cpp(547,24): warning C4244: 'initializing': conversion from 'double' to 'GLfloat', possible loss of data
C:\Users\Romich\source\repos\OpenGL-Drawing\Model.cpp(549,22): warning C4838: conversion from 'double' to 'GLfloat' requires a narrowing conversion
C:\Users\Romich\source\repos\OpenGL-Drawing\Model.cpp(549,22): warning C4244: 'initializing': conversion from 'double' to 'GLfloat', possible loss of data
C:\Users\Romich\source\repos\OpenGL-Drawing\Model.cpp(550,24): warning C4838: conversion from 'double' to 'GLfloat' requires a narrowing conversion
C:\Users\Romich\source\repos\OpenGL-Drawing\Model.cpp(550,24): warning C4244: 'initializing': conversion from 'double' to 'GLfloat', possible loss of data
C:\Users\Romich\source\repos\OpenGL-Drawing\Model.cpp(551,24): warning C4838: conversion from 'double' to 'GLfloat' requires a narrowing conversion
C:\Users\Romich\source\repos\OpenGL-Drawing\Model.cpp(551,24): warning C4244: 'initializing': conversion from 'double' to 'GLfloat', possible loss of data
C:\Users\Romich\source\repos\OpenGL-Drawing\Model.cpp(553,15): warning C4838: conversion from 'double' to 'GLfloat' requires a narrowing conversion
C:\Users\Romich\source\repos\OpenGL-Drawing\Model.cpp(553,15): warning C4244: 'initializing': conversion from 'double' to 'GLfloat', possible loss of data
C:\Users\Romich\source\repos\OpenGL-Drawing\Model.cpp(553,40): warning C4838: conversion from 'double' to 'GLfloat' requires a narrowing conversion
C:\Users\Romich\source\repos\OpenGL-Drawing\Model.cpp(553,40): warning C4244: 'initializing': conversion from 'double' to 'GLfloat', possible loss of data
C:\Users\Romich\source\repos\OpenGL-Drawing\Model.cpp(554,23): warning C4838: conversion from 'double' to 'GLfloat' requires a narrowing conversion
C:\Users\Romich\source\repos\OpenGL-Drawing\Model.cpp(554,23): warning C4244: 'initializing': conversion from 'double' to 'GLfloat', possible loss of data
C:\Users\Romich\source\repos\OpenGL-Drawing\Model.cpp(555,22): warning C4838: conversion from 'double' to 'GLfloat' requires a narrowing conversion
C:\Users\Romich\source\repos\OpenGL-Drawing\Model.cpp(555,22): warning C4244: 'initializing': conversion from 'double' to 'GLfloat', possible loss of data
C:\Users\Romich\source\repos\OpenGL-Drawing\Model.cpp(557,24): warning C4838: conversion from 'double' to 'GLfloat' requires a narrowing conversion
C:\Users\Romich\source\repos\OpenGL-Drawing\Model.cpp(557,24): warning C4244: 'initializing': conversion from 'double' to 'GLfloat', possible loss of data
C:\Users\Romich\source\repos\OpenGL-Drawing\Model.cpp(558,22): warning C4838: conversion from 'double' to 'GLfloat' requires a narrowing conversion
C:\Users\Romich\source\repos\OpenGL-Drawing\Model.cpp(558,22): warning C4244: 'initializing': conversion from 'double' to 'GLfloat', possible loss of data
C:\Users\Romich\source\repos\OpenGL-Drawing\Model.cpp(559,15): warning C4838: conversion from 'double' to 'GLfloat' requires a narrowing conversion
C:\Users\Romich\source\repos\OpenGL-Drawing\Model.cpp(559,15): warning C4244: 'initializing': conversion from 'double' to 'GLfloat', possible loss of data
C:\Users\Romich\source\repos\OpenGL-Drawing\Model.cpp(559,40): warning C4838: conversion from 'double' to 'GLfloat' requires a narrowing conversion
C:\Users\Romich\source\repos\OpenGL-Drawing\Model.cpp(559,40): warning C4244: 'initializing': conversion from 'double' to 'GLfloat', possible loss of data
C:\Users\Romich\source\repos\OpenGL-Drawing\Model.cpp(562,23): warning C4838: conversion from 'double' to 'GLfloat' requires a narrowing conversion
C:\Users\Romich\source\repos\OpenGL-Drawing\Model.cpp(562,23): warning C4244: 'initializing': conversion from 'double' to 'GLfloat', possible loss of data
C:\Users\Romich\source\repos\OpenGL-Drawing\Model.cpp(565,23): warning C4838: conversion from 'double' to 'GLfloat' requires a narrowing conversion
C:\Users\Romich\source\repos\OpenGL-Drawing\Model.cpp(565,23): warning C4244: 'initializing': conversion from 'double' to 'GLfloat', possible loss of data
C:\Users\Romich\source\repos\OpenGL-Drawing\Model.cpp(566,15): warning C4838: conversion from 'double' to 'GLfloat' requires a narrowing conversion
C:\Users\Romich\source\repos\OpenGL-Drawing\Model.cpp(566,15): warning C4244: 'initializing': conversion from 'double' to 'GLfloat', possible loss of data
C:\Users\Romich\source\repos\OpenGL-Drawing\Model.cpp(566,40): warning C4838: conversion from 'double' to 'GLfloat' requires a narrowing conversion
C:\Users\Romich\source\repos\OpenGL-Drawing\Model.cpp(566,40): warning C4244: 'initializing': conversion from 'double' to 'GLfloat', possible loss of data
C:\Users\Romich\source\repos\OpenGL-Drawing\Model.cpp(572,23): warning C4838: conversion from 'double' to 'GLfloat' requires a narrowing conversion
C:\Users\Romich\source\repos\OpenGL-Drawing\Model.cpp(572,23): warning C4244: 'initializing': conversion from 'double' to 'GLfloat', possible loss of data
C:\Users\Romich\source\repos\OpenGL-Drawing\Model.cpp(573,23): warning C4838: conversion from 'double' to 'GLfloat' requires a narrowing conversion
C:\Users\Romich\source\repos\OpenGL-Drawing\Model.cpp(573,23): warning C4244: 'initializing': conversion from 'double' to 'GLfloat', possible loss of data
C:\Users\Romich\source\repos\OpenGL-Drawing\Model.cpp(574,22): warning C4838: conversion from 'double' to 'GLfloat' requires a narrowing conversion
C:\Users\Romich\source\repos\OpenGL-Drawing\Model.cpp(574,22): warning C4244: 'initializing': conversion from 'double' to 'GLfloat', possible loss of data
C:\Users\Romich\source\repos\OpenGL-Drawing\Model.cpp(576,23): warning C4838: conversion from 'double' to 'GLfloat' requires a narrowing conversion
C:\Users\Romich\source\repos\OpenGL-Drawing\Model.cpp(576,23): warning C4244: 'initializing': conversion from 'double' to 'GLfloat', possible loss of data
C:\Users\Romich\source\repos\OpenGL-Drawing\Model.cpp(577,22): warning C4838: conversion from 'double' to 'GLfloat' requires a narrowing conversion
C:\Users\Romich\source\repos\OpenGL-Drawing\Model.cpp(577,22): warning C4244: 'initializing': conversion from 'double' to 'GLfloat', possible loss of data
C:\Users\Romich\source\repos\OpenGL-Drawing\Model.cpp(578,22): warning C4838: conversion from 'double' to 'GLfloat' requires a narrowing conversion
C:\Users\Romich\source\repos\OpenGL-Drawing\Model.cpp(578,22): warning C4244: 'initializing': conversion from 'double' to 'GLfloat', possible loss of data
C:\Users\Romich\source\repos\OpenGL-Drawing\Model.cpp(580,23): warning C4838: conversion from 'double' to 'GLfloat' requires a narrowing conversion
C:\Users\Romich\source\repos\OpenGL-Drawing\Model.cpp(580,23): warning C4244: 'initializing': conversion from 'double' to 'GLfloat', possible loss of data
C:\Users\Romich\source\repos\OpenGL-Drawing\Model.cpp(581,23): warning C4838: conversion from 'double' to 'GLfloat' requires a narrowing conversion
C:\Users\Romich\source\repos\OpenGL-Drawing\Model.cpp(581,23): warning C4244: 'initializing': conversion from 'double' to 'GLfloat', possible loss of data
C:\Users\Romich\source\repos\OpenGL-Drawing\Model.cpp(586,23): warning C4838: conversion from 'double' to 'GLfloat' requires a narrowing conversion
C:\Users\Romich\source\repos\OpenGL-Drawing\Model.cpp(586,23): warning C4244: 'initializing': conversion from 'double' to 'GLfloat', possible loss of data
C:\Users\Romich\source\repos\OpenGL-Drawing\Model.cpp(588,23): warning C4838: conversion from 'double' to 'GLfloat' requires a narrowing conversion
C:\Users\Romich\source\repos\OpenGL-Drawing\Model.cpp(588,23): warning C4244: 'initializing': conversion from 'double' to 'GLfloat', possible loss of data
C:\Users\Romich\source\repos\OpenGL-Drawing\Model.cpp(589,23): warning C4838: conversion from 'double' to 'GLfloat' requires a narrowing conversion
C:\Users\Romich\source\repos\OpenGL-Drawing\Model.cpp(589,23): warning C4244: 'initializing': conversion from 'double' to 'GLfloat', possible loss of data
C:\Users\Romich\source\repos\OpenGL-Drawing\Model.cpp(594,23): warning C4838: conversion from 'double' to 'GLfloat' requires a narrowing conversion
C:\Users\Romich\source\repos\OpenGL-Drawing\Model.cpp(594,23): warning C4244: 'initializing': conversion from 'double' to 'GLfloat', possible loss of data
C:\Users\Romich\source\repos\OpenGL-Drawing\Model.cpp(596,23): warning C4838: conversion from 'double' to 'GLfloat' requires a narrowing conversion
C:\Users\Romich\source\repos\OpenGL-Drawing\Model.cpp(596,23): warning C4244: 'initializing': conversion from 'double' to 'GLfloat', possible loss of data
C:\Users\Romich\source\repos\OpenGL-Drawing\Model.cpp(597,22): warning C4838: conversion from 'double' to 'GLfloat' requires a narrowing conversion
C:\Users\Romich\source\repos\OpenGL-Drawing\Model.cpp(597,22): warning C4244: 'initializing': conversion from 'double' to 'GLfloat', possible loss of data
C:\Users\Romich\source\repos\OpenGL-Drawing\Model.cpp(598,23): warning C4838: conversion from 'double' to 'GLfloat' requires a narrowing conversion
C:\Users\Romich\source\repos\OpenGL-Drawing\Model.cpp(598,23): warning C4244: 'initializing': conversion from 'double' to 'GLfloat', possible loss of data
C:\Users\Romich\source\repos\OpenGL-Drawing\Model.cpp(600,23): warning C4838: conversion from 'double' to 'GLfloat' requires a narrowing conversion
C:\Users\Romich\source\repos\OpenGL-Drawing\Model.cpp(600,23): warning C4244: 'initializing': conversion from 'double' to 'GLfloat', possible loss of data
C:\Users\Romich\source\repos\OpenGL-Drawing\Model.cpp(601,22): warning C4838: conversion from 'double' to 'GLfloat' requires a narrowing conversion
C:\Users\Romich\source\repos\OpenGL-Drawing\Model.cpp(601,22): warning C4244: 'initializing': conversion from 'double' to 'GLfloat', possible loss of data
C:\Users\Romich\source\repos\OpenGL-Drawing\Model.cpp(602,22): warning C4838: conversion from 'double' to 'GLfloat' requires a narrowing conversion
C:\Users\Romich\source\repos\OpenGL-Drawing\Model.cpp(602,22): warning C4244: 'initializing': conversion from 'double' to 'GLfloat', possible loss of data
C:\Users\Romich\source\repos\OpenGL-Drawing\Model.cpp(604,22): warning C4838: conversion from 'double' to 'GLfloat' requires a narrowing conversion
C:\Users\Romich\source\repos\OpenGL-Drawing\Model.cpp(604,22): warning C4244: 'initializing': conversion from 'double' to 'GLfloat', possible loss of data
C:\Users\Romich\source\repos\OpenGL-Drawing\Model.cpp(605,22): warning C4838: conversion from 'double' to 'GLfloat' requires a narrowing conversion
C:\Users\Romich\source\repos\OpenGL-Drawing\Model.cpp(605,22): warning C4244: 'initializing': conversion from 'double' to 'GLfloat', possible loss of data
C:\Users\Romich\source\repos\OpenGL-Drawing\Model.cpp(610,22): warning C4838: conversion from 'double' to 'GLfloat' requires a narrowing conversion
C:\Users\Romich\source\repos\OpenGL-Drawing\Model.cpp(610,22): warning C4244: 'initializing': conversion from 'double' to 'GLfloat', possible loss of data
C:\Users\Romich\source\repos\OpenGL-Drawing\Model.cpp(612,22): warning C4838: conversion from 'double' to 'GLfloat' requires a narrowing conversion
C:\Users\Romich\source\repos\OpenGL-Drawing\Model.cpp(612,22): warning C4244: 'initializing': conversion from 'double' to 'GLfloat', possible loss of data
C:\Users\Romich\source\repos\OpenGL-Drawing\Model.cpp(613,22): warning C4838: conversion from 'double' to 'GLfloat' requires a narrowing conversion
C:\Users\Romich\source\repos\OpenGL-Drawing\Model.cpp(613,22): warning C4244: 'initializing': conversion from 'double' to 'GLfloat', possible loss of data
C:\Users\Romich\source\repos\OpenGL-Drawing\Model.cpp(618,22): warning C4838: conversion from 'double' to 'GLfloat' requires a narrowing conversion
C:\Users\Romich\source\repos\OpenGL-Drawing\Model.cpp(618,22): warning C4244: 'initializing': conversion from 'double' to 'GLfloat', possible loss of data
C:\Users\Romich\source\repos\OpenGL-Drawing\Model.cpp(621,23): warning C4838: conversion from 'double' to 'GLfloat' requires a narrowing conversion
C:\Users\Romich\source\repos\OpenGL-Drawing\Model.cpp(621,23): warning C4244: 'initializing': conversion from 'double' to 'GLfloat', possible loss of data
C:\Users\Romich\source\repos\OpenGL-Drawing\Model.cpp(622,22): warning C4838: conversion from 'double' to 'GLfloat' requires a narrowing conversion
C:\Users\Romich\source\repos\OpenGL-Drawing\Model.cpp(622,22): warning C4244: 'initializing': conversion from 'double' to 'GLfloat', possible loss of data
C:\Users\Romich\source\repos\OpenGL-Drawing\Model.cpp(623,23): warning C4838: conversion from 'double' to 'GLfloat' requires a narrowing conversion
C:\Users\Romich\source\repos\OpenGL-Drawing\Model.cpp(623,23): warning C4244: 'initializing': conversion from 'double' to 'GLfloat', possible loss of data
C:\Users\Romich\source\repos\OpenGL-Drawing\Model.cpp(625,23): warning C4838: conversion from 'double' to 'GLfloat' requires a narrowing conversion
C:\Users\Romich\source\repos\OpenGL-Drawing\Model.cpp(625,23): warning C4244: 'initializing': conversion from 'double' to 'GLfloat', possible loss of data
C:\Users\Romich\source\repos\OpenGL-Drawing\Model.cpp(626,22): warning C4838: conversion from 'double' to 'GLfloat' requires a narrowing conversion
C:\Users\Romich\source\repos\OpenGL-Drawing\Model.cpp(626,22): warning C4244: 'initializing': conversion from 'double' to 'GLfloat', possible loss of data
C:\Users\Romich\source\repos\OpenGL-Drawing\Model.cpp(627,22): warning C4838: conversion from 'double' to 'GLfloat' requires a narrowing conversion
C:\Users\Romich\source\repos\OpenGL-Drawing\Model.cpp(627,22): warning C4244: 'initializing': conversion from 'double' to 'GLfloat', possible loss of data
C:\Users\Romich\source\repos\OpenGL-Drawing\Model.cpp(629,23): warning C4838: conversion from 'double' to 'GLfloat' requires a narrowing conversion
C:\Users\Romich\source\repos\OpenGL-Drawing\Model.cpp(629,23): warning C4244: 'initializing': conversion from 'double' to 'GLfloat', possible loss of data
C:\Users\Romich\source\repos\OpenGL-Drawing\Model.cpp(630,23): warning C4838: conversion from 'double' to 'GLfloat' requires a narrowing conversion
C:\Users\Romich\source\repos\OpenGL-Drawing\Model.cpp(630,23): warning C4244: 'initializing': conversion from 'double' to 'GLfloat', possible loss of data
C:\Users\Romich\source\repos\OpenGL-Drawing\Model.cpp(631,16): warning C4838: conversion from 'double' to 'GLfloat' requires a narrowing conversion
C:\Users\Romich\source\repos\OpenGL-Drawing\Model.cpp(631,16): warning C4244: 'initializing': conversion from 'double' to 'GLfloat', possible loss of data
C:\Users\Romich\source\repos\OpenGL-Drawing\Model.cpp(633,16): warning C4838: conversion from 'double' to 'GLfloat' requires a narrowing conversion
C:\Users\Romich\source\repos\OpenGL-Drawing\Model.cpp(633,16): warning C4244: 'initializing': conversion from 'double' to 'GLfloat', possible loss of data
C:\Users\Romich\source\repos\OpenGL-Drawing\Model.cpp(634,16): warning C4838: conversion from 'double' to 'GLfloat' requires a narrowing conversion
C:\Users\Romich\source\repos\OpenGL-Drawing\Model.cpp(634,16): warning C4244: 'initializing': conversion from 'double' to 'GLfloat', possible loss of data
C:\Users\Romich\source\repos\OpenGL-Drawing\Model.cpp(635,23): warning C4838: conversion from 'double' to 'GLfloat' requires a narrowing conversion
C:\Users\Romich\source\repos\OpenGL-Drawing\Model.cpp(635,23): warning C4244: 'initializing': conversion from 'double' to 'GLfloat', possible loss of data
C:\Users\Romich\source\repos\OpenGL-Drawing\Model.cpp(637,16): warning C4838: conversion from 'double' to 'GLfloat' requires a narrowing conversion
C:\Users\Romich\source\repos\OpenGL-Drawing\Model.cpp(637,16): warning C4244: 'initializing': conversion from 'double' to 'GLfloat', possible loss of data
C:\Users\Romich\source\repos\OpenGL-Drawing\Model.cpp(638,16): warning C4838: conversion from 'double' to 'GLfloat' requires a narrowing conversion
C:\Users\Romich\source\repos\OpenGL-Drawing\Model.cpp(638,16): warning C4244: 'initializing': conversion from 'double' to 'GLfloat', possible loss of data
C:\Users\Romich\source\repos\OpenGL-Drawing\Model.cpp(639,23): warning C4838: conversion from 'double' to 'GLfloat' requires a narrowing conversion
C:\Users\Romich\source\repos\OpenGL-Drawing\Model.cpp(639,23): warning C4244: 'initializing': conversion from 'double' to 'GLfloat', possible loss of data
C:\Users\Romich\source\repos\OpenGL-Drawing\Model.cpp(641,23): warning C4838: conversion from 'double' to 'GLfloat' requires a narrowing conversion
C:\Users\Romich\source\repos\OpenGL-Drawing\Model.cpp(641,23): warning C4244: 'initializing': conversion from 'double' to 'GLfloat', possible loss of data
C:\Users\Romich\source\repos\OpenGL-Drawing\Model.cpp(642,23): warning C4838: conversion from 'double' to 'GLfloat' requires a narrowing conversion
C:\Users\Romich\source\repos\OpenGL-Drawing\Model.cpp(642,23): warning C4244: 'initializing': conversion from 'double' to 'GLfloat', possible loss of data
C:\Users\Romich\source\repos\OpenGL-Drawing\Model.cpp(643,16): warning C4838: conversion from 'double' to 'GLfloat' requires a narrowing conversion
C:\Users\Romich\source\repos\OpenGL-Drawing\Model.cpp(643,16): warning C4244: 'initializing': conversion from 'double' to 'GLfloat', possible loss of data
C:\Users\Romich\source\repos\OpenGL-Drawing\Model.cpp(645,23): warning C4838: conversion from 'double' to 'GLfloat' requires a narrowing conversion
C:\Users\Romich\source\repos\OpenGL-Drawing\Model.cpp(645,23): warning C4244: 'initializing': conversion from 'double' to 'GLfloat', possible loss of data
C:\Users\Romich\source\repos\OpenGL-Drawing\Model.cpp(646,22): warning C4838: conversion from 'double' to 'GLfloat' requires a narrowing conversion
C:\Users\Romich\source\repos\OpenGL-Drawing\Model.cpp(646,22): warning C4244: 'initializing': conversion from 'double' to 'GLfloat', possible loss of data
C:\Users\Romich\source\repos\OpenGL-Drawing\Model.cpp(647,23): warning C4838: conversion from 'double' to 'GLfloat' requires a narrowing conversion
C:\Users\Romich\source\repos\OpenGL-Drawing\Model.cpp(647,23): warning C4244: 'initializing': conversion from 'double' to 'GLfloat', possible loss of data
C:\Users\Romich\source\repos\OpenGL-Drawing\Model.cpp(649,23): warning C4838: conversion from 'double' to 'GLfloat' requires a narrowing conversion
C:\Users\Romich\source\repos\OpenGL-Drawing\Model.cpp(649,23): warning C4244: 'initializing': conversion from 'double' to 'GLfloat', possible loss of data
C:\Users\Romich\source\repos\OpenGL-Drawing\Model.cpp(650,22): warning C4838: conversion from 'double' to 'GLfloat' requires a narrowing conversion
C:\Users\Romich\source\repos\OpenGL-Drawing\Model.cpp(650,22): warning C4244: 'initializing': conversion from 'double' to 'GLfloat', possible loss of data
C:\Users\Romich\source\repos\OpenGL-Drawing\Model.cpp(651,22): warning C4838: conversion from 'double' to 'GLfloat' requires a narrowing conversion
C:\Users\Romich\source\repos\OpenGL-Drawing\Model.cpp(651,22): warning C4244: 'initializing': conversion from 'double' to 'GLfloat', possible loss of data
C:\Users\Romich\source\repos\OpenGL-Drawing\Model.cpp(653,15): warning C4838: conversion from 'double' to 'GLfloat' requires a narrowing conversion
C:\Users\Romich\source\repos\OpenGL-Drawing\Model.cpp(653,15): warning C4244: 'initializing': conversion from 'double' to 'GLfloat', possible loss of data
C:\Users\Romich\source\repos\OpenGL-Drawing\Model.cpp(654,15): warning C4838: conversion from 'double' to 'GLfloat' requires a narrowing conversion
C:\Users\Romich\source\repos\OpenGL-Drawing\Model.cpp(654,15): warning C4244: 'initializing': conversion from 'double' to 'GLfloat', possible loss of data
C:\Users\Romich\source\repos\OpenGL-Drawing\Model.cpp(655,22): warning C4838: conversion from 'double' to 'GLfloat' requires a narrowing conversion
C:\Users\Romich\source\repos\OpenGL-Drawing\Model.cpp(655,22): warning C4244: 'initializing': conversion from 'double' to 'GLfloat', possible loss of data
C:\Users\Romich\source\repos\OpenGL-Drawing\Model.cpp(657,22): warning C4838: conversion from 'double' to 'GLfloat' requires a narrowing conversion
C:\Users\Romich\source\repos\OpenGL-Drawing\Model.cpp(657,22): warning C4244: 'initializing': conversion from 'double' to 'GLfloat', possible loss of data
C:\Users\Romich\source\repos\OpenGL-Drawing\Model.cpp(658,22): warning C4838: conversion from 'double' to 'GLfloat' requires a narrowing conversion
C:\Users\Romich\source\repos\OpenGL-Drawing\Model.cpp(658,22): warning C4244: 'initializing': conversion from 'double' to 'GLfloat', possible loss of data
C:\Users\Romich\source\repos\OpenGL-Drawing\Model.cpp(659,15): warning C4838: conversion from 'double' to 'GLfloat' requires a narrowing conversion
C:\Users\Romich\source\repos\OpenGL-Drawing\Model.cpp(659,15): warning C4244: 'initializing': conversion from 'double' to 'GLfloat', possible loss of data
C:\Users\Romich\source\repos\OpenGL-Drawing\Model.cpp(661,22): warning C4838: conversion from 'double' to 'GLfloat' requires a narrowing conversion
C:\Users\Romich\source\repos\OpenGL-Drawing\Model.cpp(661,22): warning C4244: 'initializing': conversion from 'double' to 'GLfloat', possible loss of data
C:\Users\Romich\source\repos\OpenGL-Drawing\Model.cpp(662,22): warning C4838: conversion from 'double' to 'GLfloat' requires a narrowing conversion
C:\Users\Romich\source\repos\OpenGL-Drawing\Model.cpp(662,22): warning C4244: 'initializing': conversion from 'double' to 'GLfloat', possible loss of data
C:\Users\Romich\source\repos\OpenGL-Drawing\Model.cpp(663,15): warning C4838: conversion from 'double' to 'GLfloat' requires a narrowing conversion
C:\Users\Romich\source\repos\OpenGL-Drawing\Model.cpp(663,15): warning C4244: 'initializing': conversion from 'double' to 'GLfloat', possible loss of data
C:\Users\Romich\source\repos\OpenGL-Drawing\Model.cpp(665,15): warning C4838: conversion from 'double' to 'GLfloat' requires a narrowing conversion
C:\Users\Romich\source\repos\OpenGL-Drawing\Model.cpp(665,15): warning C4244: 'initializing': conversion from 'double' to 'GLfloat', possible loss of data
C:\Users\Romich\source\repos\OpenGL-Drawing\Model.cpp(666,15): warning C4838: conversion from 'double' to 'GLfloat' requires a narrowing conversion
C:\Users\Romich\source\repos\OpenGL-Drawing\Model.cpp(666,15): warning C4244: 'initializing': conversion from 'double' to 'GLfloat', possible loss of data
C:\Users\Romich\source\repos\OpenGL-Drawing\Model.cpp(667,22): warning C4838: conversion from 'double' to 'GLfloat' requires a narrowing conversion
C:\Users\Romich\source\repos\OpenGL-Drawing\Model.cpp(667,22): warning C4244: 'initializing': conversion from 'double' to 'GLfloat', possible loss of data
C:\Users\Romich\source\repos\OpenGL-Drawing\Model.cpp(670,23): warning C4838: conversion from 'double' to 'GLfloat' requires a narrowing conversion
C:\Users\Romich\source\repos\OpenGL-Drawing\Model.cpp(670,23): warning C4244: 'initializing': conversion from 'double' to 'GLfloat', possible loss of data
C:\Users\Romich\source\repos\OpenGL-Drawing\Model.cpp(671,22): warning C4838: conversion from 'double' to 'GLfloat' requires a narrowing conversion
C:\Users\Romich\source\repos\OpenGL-Drawing\Model.cpp(671,22): warning C4244: 'initializing': conversion from 'double' to 'GLfloat', possible loss of data
C:\Users\Romich\source\repos\OpenGL-Drawing\Model.cpp(672,22): warning C4838: conversion from 'double' to 'GLfloat' requires a narrowing conversion
C:\Users\Romich\source\repos\OpenGL-Drawing\Model.cpp(672,22): warning C4244: 'initializing': conversion from 'double' to 'GLfloat', possible loss of data
C:\Users\Romich\source\repos\OpenGL-Drawing\Model.cpp(674,23): warning C4838: conversion from 'double' to 'GLfloat' requires a narrowing conversion
C:\Users\Romich\source\repos\OpenGL-Drawing\Model.cpp(674,23): warning C4244: 'initializing': conversion from 'double' to 'GLfloat', possible loss of data
C:\Users\Romich\source\repos\OpenGL-Drawing\Model.cpp(675,23): warning C4838: conversion from 'double' to 'GLfloat' requires a narrowing conversion
C:\Users\Romich\source\repos\OpenGL-Drawing\Model.cpp(675,23): warning C4244: 'initializing': conversion from 'double' to 'GLfloat', possible loss of data
C:\Users\Romich\source\repos\OpenGL-Drawing\Model.cpp(676,22): warning C4838: conversion from 'double' to 'GLfloat' requires a narrowing conversion
C:\Users\Romich\source\repos\OpenGL-Drawing\Model.cpp(676,22): warning C4244: 'initializing': conversion from 'double' to 'GLfloat', possible loss of data
C:\Users\Romich\source\repos\OpenGL-Drawing\Model.cpp(678,23): warning C4838: conversion from 'double' to 'GLfloat' requires a narrowing conversion
C:\Users\Romich\source\repos\OpenGL-Drawing\Model.cpp(678,23): warning C4244: 'initializing': conversion from 'double' to 'GLfloat', possible loss of data
C:\Users\Romich\source\repos\OpenGL-Drawing\Model.cpp(680,23): warning C4838: conversion from 'double' to 'GLfloat' requires a narrowing conversion
C:\Users\Romich\source\repos\OpenGL-Drawing\Model.cpp(680,23): warning C4244: 'initializing': conversion from 'double' to 'GLfloat', possible loss of data
C:\Users\Romich\source\repos\OpenGL-Drawing\Model.cpp(683,16): warning C4838: conversion from 'double' to 'GLfloat' requires a narrowing conversion
C:\Users\Romich\source\repos\OpenGL-Drawing\Model.cpp(683,16): warning C4244: 'initializing': conversion from 'double' to 'GLfloat', possible loss of data
C:\Users\Romich\source\repos\OpenGL-Drawing\Model.cpp(684,23): warning C4838: conversion from 'double' to 'GLfloat' requires a narrowing conversion
C:\Users\Romich\source\repos\OpenGL-Drawing\Model.cpp(684,23): warning C4244: 'initializing': conversion from 'double' to 'GLfloat', possible loss of data
C:\Users\Romich\source\repos\OpenGL-Drawing\Model.cpp(686,16): warning C4838: conversion from 'double' to 'GLfloat' requires a narrowing conversion
C:\Users\Romich\source\repos\OpenGL-Drawing\Model.cpp(686,16): warning C4244: 'initializing': conversion from 'double' to 'GLfloat', possible loss of data
C:\Users\Romich\source\repos\OpenGL-Drawing\Model.cpp(688,23): warning C4838: conversion from 'double' to 'GLfloat' requires a narrowing conversion
C:\Users\Romich\source\repos\OpenGL-Drawing\Model.cpp(688,23): warning C4244: 'initializing': conversion from 'double' to 'GLfloat', possible loss of data
C:\Users\Romich\source\repos\OpenGL-Drawing\Model.cpp(690,23): warning C4838: conversion from 'double' to 'GLfloat' requires a narrowing conversion
C:\Users\Romich\source\repos\OpenGL-Drawing\Model.cpp(690,23): warning C4244: 'initializing': conversion from 'double' to 'GLfloat', possible loss of data
C:\Users\Romich\source\repos\OpenGL-Drawing\Model.cpp(691,23): warning C4838: conversion from 'double' to 'GLfloat' requires a narrowing conversion
C:\Users\Romich\source\repos\OpenGL-Drawing\Model.cpp(691,23): warning C4244: 'initializing': conversion from 'double' to 'GLfloat', possible loss of data
C:\Users\Romich\source\repos\OpenGL-Drawing\Model.cpp(692,16): warning C4838: conversion from 'double' to 'GLfloat' requires a narrowing conversion
C:\Users\Romich\source\repos\OpenGL-Drawing\Model.cpp(692,16): warning C4244: 'initializing': conversion from 'double' to 'GLfloat', possible loss of data
C:\Users\Romich\source\repos\OpenGL-Drawing\Model.cpp(694,23): warning C4838: conversion from 'double' to 'GLfloat' requires a narrowing conversion
C:\Users\Romich\source\repos\OpenGL-Drawing\Model.cpp(694,23): warning C4244: 'initializing': conversion from 'double' to 'GLfloat', possible loss of data
C:\Users\Romich\source\repos\OpenGL-Drawing\Model.cpp(695,22): warning C4838: conversion from 'double' to 'GLfloat' requires a narrowing conversion
C:\Users\Romich\source\repos\OpenGL-Drawing\Model.cpp(695,22): warning C4244: 'initializing': conversion from 'double' to 'GLfloat', possible loss of data
C:\Users\Romich\source\repos\OpenGL-Drawing\Model.cpp(696,23): warning C4838: conversion from 'double' to 'GLfloat' requires a narrowing conversion
C:\Users\Romich\source\repos\OpenGL-Drawing\Model.cpp(696,23): warning C4244: 'initializing': conversion from 'double' to 'GLfloat', possible loss of data
C:\Users\Romich\source\repos\OpenGL-Drawing\Model.cpp(698,22): warning C4838: conversion from 'double' to 'GLfloat' requires a narrowing conversion
C:\Users\Romich\source\repos\OpenGL-Drawing\Model.cpp(698,22): warning C4244: 'initializing': conversion from 'double' to 'GLfloat', possible loss of data
C:\Users\Romich\source\repos\OpenGL-Drawing\Model.cpp(699,22): warning C4838: conversion from 'double' to 'GLfloat' requires a narrowing conversion
C:\Users\Romich\source\repos\OpenGL-Drawing\Model.cpp(699,22): warning C4244: 'initializing': conversion from 'double' to 'GLfloat', possible loss of data
C:\Users\Romich\source\repos\OpenGL-Drawing\Model.cpp(700,23): warning C4838: conversion from 'double' to 'GLfloat' requires a narrowing conversion
C:\Users\Romich\source\repos\OpenGL-Drawing\Model.cpp(700,23): warning C4244: 'initializing': conversion from 'double' to 'GLfloat', possible loss of data
C:\Users\Romich\source\repos\OpenGL-Drawing\Model.cpp(702,15): warning C4838: conversion from 'double' to 'GLfloat' requires a narrowing conversion
C:\Users\Romich\source\repos\OpenGL-Drawing\Model.cpp(702,15): warning C4244: 'initializing': conversion from 'double' to 'GLfloat', possible loss of data
C:\Users\Romich\source\repos\OpenGL-Drawing\Model.cpp(704,22): warning C4838: conversion from 'double' to 'GLfloat' requires a narrowing conversion
C:\Users\Romich\source\repos\OpenGL-Drawing\Model.cpp(704,22): warning C4244: 'initializing': conversion from 'double' to 'GLfloat', possible loss of data
C:\Users\Romich\source\repos\OpenGL-Drawing\Model.cpp(706,22): warning C4838: conversion from 'double' to 'GLfloat' requires a narrowing conversion
C:\Users\Romich\source\repos\OpenGL-Drawing\Model.cpp(706,22): warning C4244: 'initializing': conversion from 'double' to 'GLfloat', possible loss of data
C:\Users\Romich\source\repos\OpenGL-Drawing\Model.cpp(707,22): warning C4838: conversion from 'double' to 'GLfloat' requires a narrowing conversion
C:\Users\Romich\source\repos\OpenGL-Drawing\Model.cpp(707,22): warning C4244: 'initializing': conversion from 'double' to 'GLfloat', possible loss of data
C:\Users\Romich\source\repos\OpenGL-Drawing\Model.cpp(708,15): warning C4838: conversion from 'double' to 'GLfloat' requires a narrowing conversion
C:\Users\Romich\source\repos\OpenGL-Drawing\Model.cpp(708,15): warning C4244: 'initializing': conversion from 'double' to 'GLfloat', possible loss of data
C:\Users\Romich\source\repos\OpenGL-Drawing\Model.cpp(710,22): warning C4838: conversion from 'double' to 'GLfloat' requires a narrowing conversion
C:\Users\Romich\source\repos\OpenGL-Drawing\Model.cpp(710,22): warning C4244: 'initializing': conversion from 'double' to 'GLfloat', possible loss of data
C:\Users\Romich\source\repos\OpenGL-Drawing\Model.cpp(712,22): warning C4838: conversion from 'double' to 'GLfloat' requires a narrowing conversion
C:\Users\Romich\source\repos\OpenGL-Drawing\Model.cpp(712,22): warning C4244: 'initializing': conversion from 'double' to 'GLfloat', possible loss of data
C:\Users\Romich\source\repos\OpenGL-Drawing\Model.cpp(715,15): warning C4838: conversion from 'double' to 'GLfloat' requires a narrowing conversion
C:\Users\Romich\source\repos\OpenGL-Drawing\Model.cpp(715,15): warning C4244: 'initializing': conversion from 'double' to 'GLfloat', possible loss of data
C:\Users\Romich\source\repos\OpenGL-Drawing\Model.cpp(716,22): warning C4838: conversion from 'double' to 'GLfloat' requires a narrowing conversion
C:\Users\Romich\source\repos\OpenGL-Drawing\Model.cpp(716,22): warning C4244: 'initializing': conversion from 'double' to 'GLfloat', possible loss of data
C:\Users\Romich\source\repos\OpenGL-Drawing\Model.cpp(804,10): warning C4838: conversion from 'double' to 'GLfloat' requires a narrowing conversion
C:\Users\Romich\source\repos\OpenGL-Drawing\Model.cpp(804,10): warning C4244: 'initializing': conversion from 'double' to 'GLfloat', possible loss of data
C:\Users\Romich\source\repos\OpenGL-Drawing\Model.cpp(806,10): warning C4838: conversion from 'double' to 'GLfloat' requires a narrowing conversion
C:\Users\Romich\source\repos\OpenGL-Drawing\Model.cpp(806,10): warning C4244: 'initializing': conversion from 'double' to 'GLfloat', possible loss of data
C:\Users\Romich\source\repos\OpenGL-Drawing\Model.cpp(807,22): warning C4838: conversion from 'double' to 'GLfloat' requires a narrowing conversion
C:\Users\Romich\source\repos\OpenGL-Drawing\Model.cpp(807,22): warning C4244: 'initializing': conversion from 'double' to 'GLfloat', possible loss of data
C:\Users\Romich\source\repos\OpenGL-Drawing\Model.cpp(810,22): warning C4838: conversion from 'double' to 'GLfloat' requires a narrowing conversion
C:\Users\Romich\source\repos\OpenGL-Drawing\Model.cpp(810,22): warning C4244: 'initializing': conversion from 'double' to 'GLfloat', possible loss of data
C:\Users\Romich\source\repos\OpenGL-Drawing\Model.cpp(817,9): warning C4838: conversion from 'double' to 'GLfloat' requires a narrowing conversion
C:\Users\Romich\source\repos\OpenGL-Drawing\Model.cpp(817,9): warning C4244: 'initializing': conversion from 'double' to 'GLfloat', possible loss of data
C:\Users\Romich\source\repos\OpenGL-Drawing\Model.cpp(819,9): warning C4838: conversion from 'double' to 'GLfloat' requires a narrowing conversion
C:\Users\Romich\source\repos\OpenGL-Drawing\Model.cpp(819,9): warning C4244: 'initializing': conversion from 'double' to 'GLfloat', possible loss of data
C:\Users\Romich\source\repos\OpenGL-Drawing\Model.cpp(820,21): warning C4838: conversion from 'double' to 'GLfloat' requires a narrowing conversion
C:\Users\Romich\source\repos\OpenGL-Drawing\Model.cpp(820,21): warning C4244: 'initializing': conversion from 'double' to 'GLfloat', possible loss of data
C:\Users\Romich\source\repos\OpenGL-Drawing\Model.cpp(823,21): warning C4838: conversion from 'double' to 'GLfloat' requires a narrowing conversion
C:\Users\Romich\source\repos\OpenGL-Drawing\Model.cpp(823,21): warning C4244: 'initializing': conversion from 'double' to 'GLfloat', possible loss of data
C:\Users\Romich\source\repos\OpenGL-Drawing\Model.cpp(866,10): warning C4838: conversion from 'double' to 'GLfloat' requires a narrowing conversion
C:\Users\Romich\source\repos\OpenGL-Drawing\Model.cpp(866,10): warning C4244: 'initializing': conversion from 'double' to 'GLfloat', possible loss of data
C:\Users\Romich\source\repos\OpenGL-Drawing\Model.cpp(868,10): warning C4838: conversion from 'double' to 'GLfloat' requires a narrowing conversion
C:\Users\Romich\source\repos\OpenGL-Drawing\Model.cpp(868,10): warning C4244: 'initializing': conversion from 'double' to 'GLfloat', possible loss of data
C:\Users\Romich\source\repos\OpenGL-Drawing\Model.cpp(869,22): warning C4838: conversion from 'double' to 'GLfloat' requires a narrowing conversion
C:\Users\Romich\source\repos\OpenGL-Drawing\Model.cpp(869,22): warning C4244: 'initializing': conversion from 'double' to 'GLfloat', possible loss of data
C:\Users\Romich\source\repos\OpenGL-Drawing\Model.cpp(872,22): warning C4838: conversion from 'double' to 'GLfloat' requires a narrowing conversion
C:\Users\Romich\source\repos\OpenGL-Drawing\Model.cpp(872,22): warning C4244: 'initializing': conversion from 'double' to 'GLfloat', possible loss of data
C:\Users\Romich\source\repos\OpenGL-Drawing\Model.cpp(879,9): warning C4838: conversion from 'double' to 'GLfloat' requires a narrowing conversion
C:\Users\Romich\source\repos\OpenGL-Drawing\Model.cpp(879,9): warning C4244: 'initializing': conversion from 'double' to 'GLfloat', possible loss of data
C:\Users\Romich\source\repos\OpenGL-Drawing\Model.cpp(881,9): warning C4838: conversion from 'double' to 'GLfloat' requires a narrowing conversion
C:\Users\Romich\source\repos\OpenGL-Drawing\Model.cpp(881,9): warning C4244: 'initializing': conversion from 'double' to 'GLfloat', possible loss of data
C:\Users\Romich\source\repos\OpenGL-Drawing\Model.cpp(882,21): warning C4838: conversion from 'double' to 'GLfloat' requires a narrowing conversion
C:\Users\Romich\source\repos\OpenGL-Drawing\Model.cpp(882,21): warning C4244: 'initializing': conversion from 'double' to 'GLfloat', possible loss of data
C:\Users\Romich\source\repos\OpenGL-Drawing\Model.cpp(885,21): warning C4838: conversion from 'double' to 'GLfloat' requires a narrowing conversion
C:\Users\Romich\source\repos\OpenGL-Drawing\Model.cpp(885,21): warning C4244: 'initializing': conversion from 'double' to 'GLfloat', possible loss of data
C:\Users\Romich\source\repos\OpenGL-Drawing\Model.cpp(934,10): warning C4838: conversion from 'double' to 'GLfloat' requires a narrowing conversion
C:\Users\Romich\source\repos\OpenGL-Drawing\Model.cpp(934,10): warning C4244: 'initializing': conversion from 'double' to 'GLfloat', possible loss of data
C:\Users\Romich\source\repos\OpenGL-Drawing\Model.cpp(936,10): warning C4838: conversion from 'double' to 'GLfloat' requires a narrowing conversion
C:\Users\Romich\source\repos\OpenGL-Drawing\Model.cpp(936,10): warning C4244: 'initializing': conversion from 'double' to 'GLfloat', possible loss of data
C:\Users\Romich\source\repos\OpenGL-Drawing\Model.cpp(937,10): warning C4838: conversion from 'double' to 'GLfloat' requires a narrowing conversion
C:\Users\Romich\source\repos\OpenGL-Drawing\Model.cpp(937,10): warning C4244: 'initializing': conversion from 'double' to 'GLfloat', possible loss of data
C:\Users\Romich\source\repos\OpenGL-Drawing\Model.cpp(940,10): warning C4838: conversion from 'double' to 'GLfloat' requires a narrowing conversion
C:\Users\Romich\source\repos\OpenGL-Drawing\Model.cpp(940,10): warning C4244: 'initializing': conversion from 'double' to 'GLfloat', possible loss of data
C:\Users\Romich\source\repos\OpenGL-Drawing\Model.cpp(941,10): warning C4838: conversion from 'double' to 'GLfloat' requires a narrowing conversion
C:\Users\Romich\source\repos\OpenGL-Drawing\Model.cpp(941,10): warning C4244: 'initializing': conversion from 'double' to 'GLfloat', possible loss of data
C:\Users\Romich\source\repos\OpenGL-Drawing\Model.cpp(942,22): warning C4838: conversion from 'double' to 'GLfloat' requires a narrowing conversion
C:\Users\Romich\source\repos\OpenGL-Drawing\Model.cpp(942,22): warning C4244: 'initializing': conversion from 'double' to 'GLfloat', possible loss of data
C:\Users\Romich\source\repos\OpenGL-Drawing\Model.cpp(944,22): warning C4838: conversion from 'double' to 'GLfloat' requires a narrowing conversion
C:\Users\Romich\source\repos\OpenGL-Drawing\Model.cpp(944,22): warning C4244: 'initializing': conversion from 'double' to 'GLfloat', possible loss of data
C:\Users\Romich\source\repos\OpenGL-Drawing\Model.cpp(945,22): warning C4838: conversion from 'double' to 'GLfloat' requires a narrowing conversion
C:\Users\Romich\source\repos\OpenGL-Drawing\Model.cpp(945,22): warning C4244: 'initializing': conversion from 'double' to 'GLfloat', possible loss of data
C:\Users\Romich\source\repos\OpenGL-Drawing\Model.cpp(946,10): warning C4838: conversion from 'double' to 'GLfloat' requires a narrowing conversion
C:\Users\Romich\source\repos\OpenGL-Drawing\Model.cpp(946,10): warning C4244: 'initializing': conversion from 'double' to 'GLfloat', possible loss of data
C:\Users\Romich\source\repos\OpenGL-Drawing\Model.cpp(948,22): warning C4838: conversion from 'double' to 'GLfloat' requires a narrowing conversion
C:\Users\Romich\source\repos\OpenGL-Drawing\Model.cpp(948,22): warning C4244: 'initializing': conversion from 'double' to 'GLfloat', possible loss of data
C:\Users\Romich\source\repos\OpenGL-Drawing\Model.cpp(949,22): warning C4838: conversion from 'double' to 'GLfloat' requires a narrowing conversion
C:\Users\Romich\source\repos\OpenGL-Drawing\Model.cpp(949,22): warning C4244: 'initializing': conversion from 'double' to 'GLfloat', possible loss of data
C:\Users\Romich\source\repos\OpenGL-Drawing\Model.cpp(954,22): warning C4838: conversion from 'double' to 'GLfloat' requires a narrowing conversion
C:\Users\Romich\source\repos\OpenGL-Drawing\Model.cpp(954,22): warning C4244: 'initializing': conversion from 'double' to 'GLfloat', possible loss of data
C:\Users\Romich\source\repos\OpenGL-Drawing\Model.cpp(959,9): warning C4838: conversion from 'double' to 'GLfloat' requires a narrowing conversion
C:\Users\Romich\source\repos\OpenGL-Drawing\Model.cpp(959,9): warning C4244: 'initializing': conversion from 'double' to 'GLfloat', possible loss of data
C:\Users\Romich\source\repos\OpenGL-Drawing\Model.cpp(961,9): warning C4838: conversion from 'double' to 'GLfloat' requires a narrowing conversion
C:\Users\Romich\source\repos\OpenGL-Drawing\Model.cpp(961,9): warning C4244: 'initializing': conversion from 'double' to 'GLfloat', possible loss of data
C:\Users\Romich\source\repos\OpenGL-Drawing\Model.cpp(962,9): warning C4838: conversion from 'double' to 'GLfloat' requires a narrowing conversion
C:\Users\Romich\source\repos\OpenGL-Drawing\Model.cpp(962,9): warning C4244: 'initializing': conversion from 'double' to 'GLfloat', possible loss of data
C:\Users\Romich\source\repos\OpenGL-Drawing\Model.cpp(965,9): warning C4838: conversion from 'double' to 'GLfloat' requires a narrowing conversion
C:\Users\Romich\source\repos\OpenGL-Drawing\Model.cpp(965,9): warning C4244: 'initializing': conversion from 'double' to 'GLfloat', possible loss of data
C:\Users\Romich\source\repos\OpenGL-Drawing\Model.cpp(966,9): warning C4838: conversion from 'double' to 'GLfloat' requires a narrowing conversion
C:\Users\Romich\source\repos\OpenGL-Drawing\Model.cpp(966,9): warning C4244: 'initializing': conversion from 'double' to 'GLfloat', possible loss of data
C:\Users\Romich\source\repos\OpenGL-Drawing\Model.cpp(967,21): warning C4838: conversion from 'double' to 'GLfloat' requires a narrowing conversion
C:\Users\Romich\source\repos\OpenGL-Drawing\Model.cpp(967,21): warning C4244: 'initializing': conversion from 'double' to 'GLfloat', possible loss of data
C:\Users\Romich\source\repos\OpenGL-Drawing\Model.cpp(969,21): warning C4838: conversion from 'double' to 'GLfloat' requires a narrowing conversion
C:\Users\Romich\source\repos\OpenGL-Drawing\Model.cpp(969,21): warning C4244: 'initializing': conversion from 'double' to 'GLfloat', possible loss of data
C:\Users\Romich\source\repos\OpenGL-Drawing\Model.cpp(970,21): warning C4838: conversion from 'double' to 'GLfloat' requires a narrowing conversion
C:\Users\Romich\source\repos\OpenGL-Drawing\Model.cpp(970,21): warning C4244: 'initializing': conversion from 'double' to 'GLfloat', possible loss of data
C:\Users\Romich\source\repos\OpenGL-Drawing\Model.cpp(971,9): warning C4838: conversion from 'double' to 'GLfloat' requires a narrowing conversion
C:\Users\Romich\source\repos\OpenGL-Drawing\Model.cpp(971,9): warning C4244: 'initializing': conversion from 'double' to 'GLfloat', possible loss of data
C:\Users\Romich\source\repos\OpenGL-Drawing\Model.cpp(973,21): warning C4838: conversion from 'double' to 'GLfloat' requires a narrowing conversion
C:\Users\Romich\source\repos\OpenGL-Drawing\Model.cpp(973,21): warning C4244: 'initializing': conversion from 'double' to 'GLfloat', possible loss of data
C:\Users\Romich\source\repos\OpenGL-Drawing\Model.cpp(974,21): warning C4838: conversion from 'double' to 'GLfloat' requires a narrowing conversion
C:\Users\Romich\source\repos\OpenGL-Drawing\Model.cpp(974,21): warning C4244: 'initializing': conversion from 'double' to 'GLfloat', possible loss of data
C:\Users\Romich\source\repos\OpenGL-Drawing\Model.cpp(979,21): warning C4838: conversion from 'double' to 'GLfloat' requires a narrowing conversion
C:\Users\Romich\source\repos\OpenGL-Drawing\Model.cpp(979,21): warning C4244: 'initializing': conversion from 'double' to 'GLfloat', possible loss of data
C:\Users\Romich\source\repos\OpenGL-Drawing\Model.cpp(1023,10): warning C4838: conversion from 'double' to 'GLfloat' requires a narrowing conversion
C:\Users\Romich\source\repos\OpenGL-Drawing\Model.cpp(1023,10): warning C4244: 'initializing': conversion from 'double' to 'GLfloat', possible loss of data
C:\Users\Romich\source\repos\OpenGL-Drawing\Model.cpp(1026,10): warning C4838: conversion from 'double' to 'GLfloat' requires a narrowing conversion
C:\Users\Romich\source\repos\OpenGL-Drawing\Model.cpp(1026,10): warning C4244: 'initializing': conversion from 'double' to 'GLfloat', possible loss of data
C:\Users\Romich\source\repos\OpenGL-Drawing\Model.cpp(1027,22): warning C4838: conversion from 'double' to 'GLfloat' requires a narrowing conversion
C:\Users\Romich\source\repos\OpenGL-Drawing\Model.cpp(1027,22): warning C4244: 'initializing': conversion from 'double' to 'GLfloat', possible loss of data
C:\Users\Romich\source\repos\OpenGL-Drawing\Model.cpp(1030,22): warning C4838: conversion from 'double' to 'GLfloat' requires a narrowing conversion
C:\Users\Romich\source\repos\OpenGL-Drawing\Model.cpp(1030,22): warning C4244: 'initializing': conversion from 'double' to 'GLfloat', possible loss of data
C:\Users\Romich\source\repos\OpenGL-Drawing\Model.cpp(1036,9): warning C4838: conversion from 'double' to 'GLfloat' requires a narrowing conversion
C:\Users\Romich\source\repos\OpenGL-Drawing\Model.cpp(1036,9): warning C4244: 'initializing': conversion from 'double' to 'GLfloat', possible loss of data
C:\Users\Romich\source\repos\OpenGL-Drawing\Model.cpp(1039,9): warning C4838: conversion from 'double' to 'GLfloat' requires a narrowing conversion
C:\Users\Romich\source\repos\OpenGL-Drawing\Model.cpp(1039,9): warning C4244: 'initializing': conversion from 'double' to 'GLfloat', possible loss of data
C:\Users\Romich\source\repos\OpenGL-Drawing\Model.cpp(1040,21): warning C4838: conversion from 'double' to 'GLfloat' requires a narrowing conversion
C:\Users\Romich\source\repos\OpenGL-Drawing\Model.cpp(1040,21): warning C4244: 'initializing': conversion from 'double' to 'GLfloat', possible loss of data
C:\Users\Romich\source\repos\OpenGL-Drawing\Model.cpp(1043,21): warning C4838: conversion from 'double' to 'GLfloat' requires a narrowing conversion
C:\Users\Romich\source\repos\OpenGL-Drawing\Model.cpp(1043,21): warning C4244: 'initializing': conversion from 'double' to 'GLfloat', possible loss of data
  GLM: rotate function taking degrees as a parameter is deprecated. #define GLM_FORCE_RADIANS before including GLM headers to remove this message.
  GLM: perspective function taking degrees as a parameter is deprecated. #define GLM_FORCE_RADIANS before including GLM headers to remove this message.
  OpenGL-Drawing.vcxproj -> C:\Users\Romich\source\repos\OpenGL-Drawing\Debug\OpenGL-Drawing.exe
